Determining if the __INTEL_COMPILER exist failed with the following output:
Change Dir: /home/leonor/Desktop/dune/build/CMakeFiles/CMakeTmp

Run Build Command:"/usr/bin/make" "cmTC_e1535/fast"
/usr/bin/make -f CMakeFiles/cmTC_e1535.dir/build.make CMakeFiles/cmTC_e1535.dir/build
make[1]: Entering directory '/home/leonor/Desktop/dune/build/CMakeFiles/CMakeTmp'
Building C object CMakeFiles/cmTC_e1535.dir/CheckSymbolExists.c.o
/usr/bin/cc    -o CMakeFiles/cmTC_e1535.dir/CheckSymbolExists.c.o   -c /home/leonor/Desktop/dune/build/CMakeFiles/CMakeTmp/CheckSymbolExists.c
/home/leonor/Desktop/dune/build/CMakeFiles/CMakeTmp/CheckSymbolExists.c: In function ‘main’:
/home/leonor/Desktop/dune/build/CMakeFiles/CMakeTmp/CheckSymbolExists.c:8:19: error: ‘__INTEL_COMPILER’ undeclared (first use in this function)
   return ((int*)(&__INTEL_COMPILER))[argc];
                   ^~~~~~~~~~~~~~~~
/home/leonor/Desktop/dune/build/CMakeFiles/CMakeTmp/CheckSymbolExists.c:8:19: note: each undeclared identifier is reported only once for each function it appears in
CMakeFiles/cmTC_e1535.dir/build.make:65: recipe for target 'CMakeFiles/cmTC_e1535.dir/CheckSymbolExists.c.o' failed
make[1]: *** [CMakeFiles/cmTC_e1535.dir/CheckSymbolExists.c.o] Error 1
make[1]: Leaving directory '/home/leonor/Desktop/dune/build/CMakeFiles/CMakeTmp'
Makefile:126: recipe for target 'cmTC_e1535/fast' failed
make: *** [cmTC_e1535/fast] Error 2

File /home/leonor/Desktop/dune/build/CMakeFiles/CMakeTmp/CheckSymbolExists.c:
/* */
#include <stdio.h>

int main(int argc, char** argv)
{
  (void)argv;
#ifndef __INTEL_COMPILER
  return ((int*)(&__INTEL_COMPILER))[argc];
#else
  (void)argc;
  return 0;
#endif
}

Determining if the __SUNPRO_C exist failed with the following output:
Change Dir: /home/leonor/Desktop/dune/build/CMakeFiles/CMakeTmp

Run Build Command:"/usr/bin/make" "cmTC_4b63f/fast"
/usr/bin/make -f CMakeFiles/cmTC_4b63f.dir/build.make CMakeFiles/cmTC_4b63f.dir/build
make[1]: Entering directory '/home/leonor/Desktop/dune/build/CMakeFiles/CMakeTmp'
Building C object CMakeFiles/cmTC_4b63f.dir/CheckSymbolExists.c.o
/usr/bin/cc    -o CMakeFiles/cmTC_4b63f.dir/CheckSymbolExists.c.o   -c /home/leonor/Desktop/dune/build/CMakeFiles/CMakeTmp/CheckSymbolExists.c
/home/leonor/Desktop/dune/build/CMakeFiles/CMakeTmp/CheckSymbolExists.c: In function ‘main’:
/home/leonor/Desktop/dune/build/CMakeFiles/CMakeTmp/CheckSymbolExists.c:8:19: error: ‘__SUNPRO_C’ undeclared (first use in this function); did you mean ‘__INT8_C’?
   return ((int*)(&__SUNPRO_C))[argc];
                   ^~~~~~~~~~
                   __INT8_C
/home/leonor/Desktop/dune/build/CMakeFiles/CMakeTmp/CheckSymbolExists.c:8:19: note: each undeclared identifier is reported only once for each function it appears in
CMakeFiles/cmTC_4b63f.dir/build.make:65: recipe for target 'CMakeFiles/cmTC_4b63f.dir/CheckSymbolExists.c.o' failed
make[1]: *** [CMakeFiles/cmTC_4b63f.dir/CheckSymbolExists.c.o] Error 1
make[1]: Leaving directory '/home/leonor/Desktop/dune/build/CMakeFiles/CMakeTmp'
Makefile:126: recipe for target 'cmTC_4b63f/fast' failed
make: *** [cmTC_4b63f/fast] Error 2

File /home/leonor/Desktop/dune/build/CMakeFiles/CMakeTmp/CheckSymbolExists.c:
/* */
#include <stdio.h>

int main(int argc, char** argv)
{
  (void)argv;
#ifndef __SUNPRO_C
  return ((int*)(&__SUNPRO_C))[argc];
#else
  (void)argc;
  return 0;
#endif
}

Determining if the __clang__ exist failed with the following output:
Change Dir: /home/leonor/Desktop/dune/build/CMakeFiles/CMakeTmp

Run Build Command:"/usr/bin/make" "cmTC_69a82/fast"
/usr/bin/make -f CMakeFiles/cmTC_69a82.dir/build.make CMakeFiles/cmTC_69a82.dir/build
make[1]: Entering directory '/home/leonor/Desktop/dune/build/CMakeFiles/CMakeTmp'
Building C object CMakeFiles/cmTC_69a82.dir/CheckSymbolExists.c.o
/usr/bin/cc    -o CMakeFiles/cmTC_69a82.dir/CheckSymbolExists.c.o   -c /home/leonor/Desktop/dune/build/CMakeFiles/CMakeTmp/CheckSymbolExists.c
/home/leonor/Desktop/dune/build/CMakeFiles/CMakeTmp/CheckSymbolExists.c: In function ‘main’:
/home/leonor/Desktop/dune/build/CMakeFiles/CMakeTmp/CheckSymbolExists.c:8:19: error: ‘__clang__’ undeclared (first use in this function); did you mean ‘__clock_t’?
   return ((int*)(&__clang__))[argc];
                   ^~~~~~~~~
                   __clock_t
/home/leonor/Desktop/dune/build/CMakeFiles/CMakeTmp/CheckSymbolExists.c:8:19: note: each undeclared identifier is reported only once for each function it appears in
CMakeFiles/cmTC_69a82.dir/build.make:65: recipe for target 'CMakeFiles/cmTC_69a82.dir/CheckSymbolExists.c.o' failed
make[1]: *** [CMakeFiles/cmTC_69a82.dir/CheckSymbolExists.c.o] Error 1
make[1]: Leaving directory '/home/leonor/Desktop/dune/build/CMakeFiles/CMakeTmp'
Makefile:126: recipe for target 'cmTC_69a82/fast' failed
make: *** [cmTC_69a82/fast] Error 2

File /home/leonor/Desktop/dune/build/CMakeFiles/CMakeTmp/CheckSymbolExists.c:
/* */
#include <stdio.h>

int main(int argc, char** argv)
{
  (void)argv;
#ifndef __clang__
  return ((int*)(&__clang__))[argc];
#else
  (void)argc;
  return 0;
#endif
}

Performing C++ SOURCE FILE Test __ARCH64__ failed with the following output:
Change Dir: /home/leonor/Desktop/dune/build/CMakeFiles/CMakeTmp

Run Build Command:"/usr/bin/make" "cmTC_53cab/fast"
/usr/bin/make -f CMakeFiles/cmTC_53cab.dir/build.make CMakeFiles/cmTC_53cab.dir/build
make[1]: Entering directory '/home/leonor/Desktop/dune/build/CMakeFiles/CMakeTmp'
Building CXX object CMakeFiles/cmTC_53cab.dir/src.cxx.o
/usr/bin/c++    -D__ARCH64__   -o CMakeFiles/cmTC_53cab.dir/src.cxx.o -c /home/leonor/Desktop/dune/build/CMakeFiles/CMakeTmp/src.cxx
/home/leonor/Desktop/dune/build/CMakeFiles/CMakeTmp/src.cxx:3:2: error: #error not defined
 #error not defined
  ^~~~~
CMakeFiles/cmTC_53cab.dir/build.make:65: recipe for target 'CMakeFiles/cmTC_53cab.dir/src.cxx.o' failed
make[1]: *** [CMakeFiles/cmTC_53cab.dir/src.cxx.o] Error 1
make[1]: Leaving directory '/home/leonor/Desktop/dune/build/CMakeFiles/CMakeTmp'
Makefile:126: recipe for target 'cmTC_53cab/fast' failed
make: *** [cmTC_53cab/fast] Error 2

Source file was:
#if defined(__arch64__)
#else
#error not defined
#endif
int main(void) {return 0; }

Performing C++ SOURCE FILE Test DUNE_CPU_MIXED_ENDIAN_DOUBLES failed with the following output:
Change Dir: /home/leonor/Desktop/dune/build/CMakeFiles/CMakeTmp

Run Build Command:"/usr/bin/make" "cmTC_98e35/fast"
/usr/bin/make -f CMakeFiles/cmTC_98e35.dir/build.make CMakeFiles/cmTC_98e35.dir/build
make[1]: Entering directory '/home/leonor/Desktop/dune/build/CMakeFiles/CMakeTmp'
Building CXX object CMakeFiles/cmTC_98e35.dir/src.cxx.o
/usr/bin/c++    -DDUNE_CPU_MIXED_ENDIAN_DOUBLES   -o CMakeFiles/cmTC_98e35.dir/src.cxx.o -c /home/leonor/Desktop/dune/build/CMakeFiles/CMakeTmp/src.cxx
/home/leonor/Desktop/dune/build/CMakeFiles/CMakeTmp/src.cxx:3:4: error: #error not ARM architecture
 #  error not ARM architecture
    ^~~~~
CMakeFiles/cmTC_98e35.dir/build.make:65: recipe for target 'CMakeFiles/cmTC_98e35.dir/src.cxx.o' failed
make[1]: *** [CMakeFiles/cmTC_98e35.dir/src.cxx.o] Error 1
make[1]: Leaving directory '/home/leonor/Desktop/dune/build/CMakeFiles/CMakeTmp'
Makefile:126: recipe for target 'cmTC_98e35/fast' failed
make: *** [cmTC_98e35/fast] Error 2

Source file was:

#if !defined(__arm__)
#  error not ARM architecture
#endif

#if defined(__VFP_FP__)
#  error normal doubles.
#endif

int main(void) { return 0; }

Performing C++ SOURCE FILE Test DUNE_CPU_VARIANT_ATOM failed with the following output:
Change Dir: /home/leonor/Desktop/dune/build/CMakeFiles/CMakeTmp

Run Build Command:"/usr/bin/make" "cmTC_0b2fa/fast"
/usr/bin/make -f CMakeFiles/cmTC_0b2fa.dir/build.make CMakeFiles/cmTC_0b2fa.dir/build
make[1]: Entering directory '/home/leonor/Desktop/dune/build/CMakeFiles/CMakeTmp'
Building CXX object CMakeFiles/cmTC_0b2fa.dir/src.cxx.o
/usr/bin/c++    -DDUNE_CPU_VARIANT_ATOM   -o CMakeFiles/cmTC_0b2fa.dir/src.cxx.o -c /home/leonor/Desktop/dune/build/CMakeFiles/CMakeTmp/src.cxx
/home/leonor/Desktop/dune/build/CMakeFiles/CMakeTmp/src.cxx:2:2: error: #error undefined macro
 #error undefined macro
  ^~~~~
CMakeFiles/cmTC_0b2fa.dir/build.make:65: recipe for target 'CMakeFiles/cmTC_0b2fa.dir/src.cxx.o' failed
make[1]: *** [CMakeFiles/cmTC_0b2fa.dir/src.cxx.o] Error 1
make[1]: Leaving directory '/home/leonor/Desktop/dune/build/CMakeFiles/CMakeTmp'
Makefile:126: recipe for target 'cmTC_0b2fa/fast' failed
make: *** [cmTC_0b2fa/fast] Error 2

Source file was:
#if !defined(__atom__)
#error undefined macro
#endif
int main(void){return 0;}
Performing C++ SOURCE FILE Test DUNE_CPU_VARIANT_GEODE failed with the following output:
Change Dir: /home/leonor/Desktop/dune/build/CMakeFiles/CMakeTmp

Run Build Command:"/usr/bin/make" "cmTC_d14fa/fast"
/usr/bin/make -f CMakeFiles/cmTC_d14fa.dir/build.make CMakeFiles/cmTC_d14fa.dir/build
make[1]: Entering directory '/home/leonor/Desktop/dune/build/CMakeFiles/CMakeTmp'
Building CXX object CMakeFiles/cmTC_d14fa.dir/src.cxx.o
/usr/bin/c++    -DDUNE_CPU_VARIANT_GEODE   -o CMakeFiles/cmTC_d14fa.dir/src.cxx.o -c /home/leonor/Desktop/dune/build/CMakeFiles/CMakeTmp/src.cxx
/home/leonor/Desktop/dune/build/CMakeFiles/CMakeTmp/src.cxx:2:2: error: #error undefined macro
 #error undefined macro
  ^~~~~
CMakeFiles/cmTC_d14fa.dir/build.make:65: recipe for target 'CMakeFiles/cmTC_d14fa.dir/src.cxx.o' failed
make[1]: *** [CMakeFiles/cmTC_d14fa.dir/src.cxx.o] Error 1
make[1]: Leaving directory '/home/leonor/Desktop/dune/build/CMakeFiles/CMakeTmp'
Makefile:126: recipe for target 'cmTC_d14fa/fast' failed
make: *** [cmTC_d14fa/fast] Error 2

Source file was:
#if !defined(__geode__)
#error undefined macro
#endif
int main(void){return 0;}
Determining if the __ANDROID__ exist failed with the following output:
Change Dir: /home/leonor/Desktop/dune/build/CMakeFiles/CMakeTmp

Run Build Command:"/usr/bin/make" "cmTC_56b87/fast"
/usr/bin/make -f CMakeFiles/cmTC_56b87.dir/build.make CMakeFiles/cmTC_56b87.dir/build
make[1]: Entering directory '/home/leonor/Desktop/dune/build/CMakeFiles/CMakeTmp'
Building C object CMakeFiles/cmTC_56b87.dir/CheckSymbolExists.c.o
/usr/bin/cc    -o CMakeFiles/cmTC_56b87.dir/CheckSymbolExists.c.o   -c /home/leonor/Desktop/dune/build/CMakeFiles/CMakeTmp/CheckSymbolExists.c
/home/leonor/Desktop/dune/build/CMakeFiles/CMakeTmp/CheckSymbolExists.c: In function ‘main’:
/home/leonor/Desktop/dune/build/CMakeFiles/CMakeTmp/CheckSymbolExists.c:8:19: error: ‘__ANDROID__’ undeclared (first use in this function)
   return ((int*)(&__ANDROID__))[argc];
                   ^~~~~~~~~~~
/home/leonor/Desktop/dune/build/CMakeFiles/CMakeTmp/CheckSymbolExists.c:8:19: note: each undeclared identifier is reported only once for each function it appears in
CMakeFiles/cmTC_56b87.dir/build.make:65: recipe for target 'CMakeFiles/cmTC_56b87.dir/CheckSymbolExists.c.o' failed
make[1]: *** [CMakeFiles/cmTC_56b87.dir/CheckSymbolExists.c.o] Error 1
make[1]: Leaving directory '/home/leonor/Desktop/dune/build/CMakeFiles/CMakeTmp'
Makefile:126: recipe for target 'cmTC_56b87/fast' failed
make: *** [cmTC_56b87/fast] Error 2

File /home/leonor/Desktop/dune/build/CMakeFiles/CMakeTmp/CheckSymbolExists.c:
/* */
#include <stdio.h>

int main(int argc, char** argv)
{
  (void)argv;
#ifndef __ANDROID__
  return ((int*)(&__ANDROID__))[argc];
#else
  (void)argc;
  return 0;
#endif
}

Performing C++ SOURCE FILE Test OS_LINUX24 failed with the following output:
Change Dir: /home/leonor/Desktop/dune/build/CMakeFiles/CMakeTmp

Run Build Command:"/usr/bin/make" "cmTC_b9ac7/fast"
/usr/bin/make -f CMakeFiles/cmTC_b9ac7.dir/build.make CMakeFiles/cmTC_b9ac7.dir/build
make[1]: Entering directory '/home/leonor/Desktop/dune/build/CMakeFiles/CMakeTmp'
Building CXX object CMakeFiles/cmTC_b9ac7.dir/src.cxx.o
/usr/bin/c++    -DOS_LINUX24   -o CMakeFiles/cmTC_b9ac7.dir/src.cxx.o -c /home/leonor/Desktop/dune/build/CMakeFiles/CMakeTmp/src.cxx
/home/leonor/Desktop/dune/build/CMakeFiles/CMakeTmp/src.cxx:4:4: error: #error Linux 2.5 or greater
 #  error Linux 2.5 or greater
    ^~~~~
CMakeFiles/cmTC_b9ac7.dir/build.make:65: recipe for target 'CMakeFiles/cmTC_b9ac7.dir/src.cxx.o' failed
make[1]: *** [CMakeFiles/cmTC_b9ac7.dir/src.cxx.o] Error 1
make[1]: Leaving directory '/home/leonor/Desktop/dune/build/CMakeFiles/CMakeTmp'
Makefile:126: recipe for target 'cmTC_b9ac7/fast' failed
make: *** [cmTC_b9ac7/fast] Error 2

Source file was:

#include <linux/version.h>
#if LINUX_VERSION_CODE >= KERNEL_VERSION(2, 5, 0)
#  error Linux 2.5 or greater
#endif

Performing C++ SOURCE FILE Test LLVM_LIBC failed with the following output:
Change Dir: /home/leonor/Desktop/dune/build/CMakeFiles/CMakeTmp

Run Build Command:"/usr/bin/make" "cmTC_a8862/fast"
/usr/bin/make -f CMakeFiles/cmTC_a8862.dir/build.make CMakeFiles/cmTC_a8862.dir/build
make[1]: Entering directory '/home/leonor/Desktop/dune/build/CMakeFiles/CMakeTmp'
Building CXX object CMakeFiles/cmTC_a8862.dir/src.cxx.o
/usr/bin/c++    -DLLVM_LIBC   -o CMakeFiles/cmTC_a8862.dir/src.cxx.o -c /home/leonor/Desktop/dune/build/CMakeFiles/CMakeTmp/src.cxx
/home/leonor/Desktop/dune/build/CMakeFiles/CMakeTmp/src.cxx: In function ‘int main()’:
/home/leonor/Desktop/dune/build/CMakeFiles/CMakeTmp/src.cxx:2:26: error: ‘_LIBCPP_VERSION’ was not declared in this scope
  int main(void) { return _LIBCPP_VERSION; }
                          ^~~~~~~~~~~~~~~
/home/leonor/Desktop/dune/build/CMakeFiles/CMakeTmp/src.cxx:2:26: note: suggested alternative: ‘_GLIBCXX_VERBOSE’
  int main(void) { return _LIBCPP_VERSION; }
                          ^~~~~~~~~~~~~~~
                          _GLIBCXX_VERBOSE
CMakeFiles/cmTC_a8862.dir/build.make:65: recipe for target 'CMakeFiles/cmTC_a8862.dir/src.cxx.o' failed
make[1]: *** [CMakeFiles/cmTC_a8862.dir/src.cxx.o] Error 1
make[1]: Leaving directory '/home/leonor/Desktop/dune/build/CMakeFiles/CMakeTmp'
Makefile:126: recipe for target 'cmTC_a8862/fast' failed
make: *** [cmTC_a8862/fast] Error 2

Source file was:
#include <cstddef>
 int main(void) { return _LIBCPP_VERSION; }
Determining if the __UCLIBC__ exist failed with the following output:
Change Dir: /home/leonor/Desktop/dune/build/CMakeFiles/CMakeTmp

Run Build Command:"/usr/bin/make" "cmTC_88e6a/fast"
/usr/bin/make -f CMakeFiles/cmTC_88e6a.dir/build.make CMakeFiles/cmTC_88e6a.dir/build
make[1]: Entering directory '/home/leonor/Desktop/dune/build/CMakeFiles/CMakeTmp'
Building C object CMakeFiles/cmTC_88e6a.dir/CheckSymbolExists.c.o
/usr/bin/cc    -o CMakeFiles/cmTC_88e6a.dir/CheckSymbolExists.c.o   -c /home/leonor/Desktop/dune/build/CMakeFiles/CMakeTmp/CheckSymbolExists.c
/home/leonor/Desktop/dune/build/CMakeFiles/CMakeTmp/CheckSymbolExists.c: In function ‘main’:
/home/leonor/Desktop/dune/build/CMakeFiles/CMakeTmp/CheckSymbolExists.c:8:19: error: ‘__UCLIBC__’ undeclared (first use in this function); did you mean ‘__GLIBC__’?
   return ((int*)(&__UCLIBC__))[argc];
                   ^~~~~~~~~~
                   __GLIBC__
/home/leonor/Desktop/dune/build/CMakeFiles/CMakeTmp/CheckSymbolExists.c:8:19: note: each undeclared identifier is reported only once for each function it appears in
CMakeFiles/cmTC_88e6a.dir/build.make:65: recipe for target 'CMakeFiles/cmTC_88e6a.dir/CheckSymbolExists.c.o' failed
make[1]: *** [CMakeFiles/cmTC_88e6a.dir/CheckSymbolExists.c.o] Error 1
make[1]: Leaving directory '/home/leonor/Desktop/dune/build/CMakeFiles/CMakeTmp'
Makefile:126: recipe for target 'cmTC_88e6a/fast' failed
make: *** [cmTC_88e6a/fast] Error 2

File /home/leonor/Desktop/dune/build/CMakeFiles/CMakeTmp/CheckSymbolExists.c:
/* */
#include <stdio.h>

int main(int argc, char** argv)
{
  (void)argv;
#ifndef __UCLIBC__
  return ((int*)(&__UCLIBC__))[argc];
#else
  (void)argc;
  return 0;
#endif
}

Determining if the __BIONIC__ exist failed with the following output:
Change Dir: /home/leonor/Desktop/dune/build/CMakeFiles/CMakeTmp

Run Build Command:"/usr/bin/make" "cmTC_c1dba/fast"
/usr/bin/make -f CMakeFiles/cmTC_c1dba.dir/build.make CMakeFiles/cmTC_c1dba.dir/build
make[1]: Entering directory '/home/leonor/Desktop/dune/build/CMakeFiles/CMakeTmp'
Building C object CMakeFiles/cmTC_c1dba.dir/CheckSymbolExists.c.o
/usr/bin/cc    -o CMakeFiles/cmTC_c1dba.dir/CheckSymbolExists.c.o   -c /home/leonor/Desktop/dune/build/CMakeFiles/CMakeTmp/CheckSymbolExists.c
/home/leonor/Desktop/dune/build/CMakeFiles/CMakeTmp/CheckSymbolExists.c: In function ‘main’:
/home/leonor/Desktop/dune/build/CMakeFiles/CMakeTmp/CheckSymbolExists.c:8:19: error: ‘__BIONIC__’ undeclared (first use in this function); did you mean ‘__LINE__’?
   return ((int*)(&__BIONIC__))[argc];
                   ^~~~~~~~~~
                   __LINE__
/home/leonor/Desktop/dune/build/CMakeFiles/CMakeTmp/CheckSymbolExists.c:8:19: note: each undeclared identifier is reported only once for each function it appears in
CMakeFiles/cmTC_c1dba.dir/build.make:65: recipe for target 'CMakeFiles/cmTC_c1dba.dir/CheckSymbolExists.c.o' failed
make[1]: *** [CMakeFiles/cmTC_c1dba.dir/CheckSymbolExists.c.o] Error 1
make[1]: Leaving directory '/home/leonor/Desktop/dune/build/CMakeFiles/CMakeTmp'
Makefile:126: recipe for target 'cmTC_c1dba/fast' failed
make: *** [cmTC_c1dba/fast] Error 2

File /home/leonor/Desktop/dune/build/CMakeFiles/CMakeTmp/CheckSymbolExists.c:
/* */
#include <stdio.h>

int main(int argc, char** argv)
{
  (void)argv;
#ifndef __BIONIC__
  return ((int*)(&__BIONIC__))[argc];
#else
  (void)argc;
  return 0;
#endif
}

Determining if the function getch exists in the ws2_32 failed with the following output:
Change Dir: /home/leonor/Desktop/dune/build/CMakeFiles/CMakeTmp

Run Build Command:"/usr/bin/make" "cmTC_83b0c/fast"
/usr/bin/make -f CMakeFiles/cmTC_83b0c.dir/build.make CMakeFiles/cmTC_83b0c.dir/build
make[1]: Entering directory '/home/leonor/Desktop/dune/build/CMakeFiles/CMakeTmp'
Building C object CMakeFiles/cmTC_83b0c.dir/CheckFunctionExists.c.o
/usr/bin/cc   -DCHECK_FUNCTION_EXISTS=getch   -o CMakeFiles/cmTC_83b0c.dir/CheckFunctionExists.c.o   -c /usr/share/cmake-3.10/Modules/CheckFunctionExists.c
Linking C executable cmTC_83b0c
/usr/bin/cmake -E cmake_link_script CMakeFiles/cmTC_83b0c.dir/link.txt --verbose=1
/usr/bin/cc  -DCHECK_FUNCTION_EXISTS=getch    -rdynamic CMakeFiles/cmTC_83b0c.dir/CheckFunctionExists.c.o  -o cmTC_83b0c -lws2_32 -lrt 
/usr/bin/ld: cannot find -lws2_32
collect2: error: ld returned 1 exit status
CMakeFiles/cmTC_83b0c.dir/build.make:97: recipe for target 'cmTC_83b0c' failed
make[1]: *** [cmTC_83b0c] Error 1
make[1]: Leaving directory '/home/leonor/Desktop/dune/build/CMakeFiles/CMakeTmp'
Makefile:126: recipe for target 'cmTC_83b0c/fast' failed
make: *** [cmTC_83b0c/fast] Error 2


Determining if the function getch exists in the wsock32 failed with the following output:
Change Dir: /home/leonor/Desktop/dune/build/CMakeFiles/CMakeTmp

Run Build Command:"/usr/bin/make" "cmTC_9583c/fast"
/usr/bin/make -f CMakeFiles/cmTC_9583c.dir/build.make CMakeFiles/cmTC_9583c.dir/build
make[1]: Entering directory '/home/leonor/Desktop/dune/build/CMakeFiles/CMakeTmp'
Building C object CMakeFiles/cmTC_9583c.dir/CheckFunctionExists.c.o
/usr/bin/cc   -DCHECK_FUNCTION_EXISTS=getch   -o CMakeFiles/cmTC_9583c.dir/CheckFunctionExists.c.o   -c /usr/share/cmake-3.10/Modules/CheckFunctionExists.c
Linking C executable cmTC_9583c
/usr/bin/cmake -E cmake_link_script CMakeFiles/cmTC_9583c.dir/link.txt --verbose=1
/usr/bin/cc  -DCHECK_FUNCTION_EXISTS=getch    -rdynamic CMakeFiles/cmTC_9583c.dir/CheckFunctionExists.c.o  -o cmTC_9583c -lwsock32 -lrt 
/usr/bin/ld: cannot find -lwsock32
collect2: error: ld returned 1 exit status
CMakeFiles/cmTC_9583c.dir/build.make:97: recipe for target 'cmTC_9583c' failed
make[1]: *** [cmTC_9583c] Error 1
make[1]: Leaving directory '/home/leonor/Desktop/dune/build/CMakeFiles/CMakeTmp'
Makefile:126: recipe for target 'cmTC_9583c/fast' failed
make: *** [cmTC_9583c/fast] Error 2


Determining if the function getch exists in the iphlpapi failed with the following output:
Change Dir: /home/leonor/Desktop/dune/build/CMakeFiles/CMakeTmp

Run Build Command:"/usr/bin/make" "cmTC_0ec6a/fast"
/usr/bin/make -f CMakeFiles/cmTC_0ec6a.dir/build.make CMakeFiles/cmTC_0ec6a.dir/build
make[1]: Entering directory '/home/leonor/Desktop/dune/build/CMakeFiles/CMakeTmp'
Building C object CMakeFiles/cmTC_0ec6a.dir/CheckFunctionExists.c.o
/usr/bin/cc   -DCHECK_FUNCTION_EXISTS=getch   -o CMakeFiles/cmTC_0ec6a.dir/CheckFunctionExists.c.o   -c /usr/share/cmake-3.10/Modules/CheckFunctionExists.c
Linking C executable cmTC_0ec6a
/usr/bin/cmake -E cmake_link_script CMakeFiles/cmTC_0ec6a.dir/link.txt --verbose=1
/usr/bin/cc  -DCHECK_FUNCTION_EXISTS=getch    -rdynamic CMakeFiles/cmTC_0ec6a.dir/CheckFunctionExists.c.o  -o cmTC_0ec6a -liphlpapi -lrt 
/usr/bin/ld: cannot find -liphlpapi
collect2: error: ld returned 1 exit status
CMakeFiles/cmTC_0ec6a.dir/build.make:97: recipe for target 'cmTC_0ec6a' failed
make[1]: *** [cmTC_0ec6a] Error 1
make[1]: Leaving directory '/home/leonor/Desktop/dune/build/CMakeFiles/CMakeTmp'
Makefile:126: recipe for target 'cmTC_0ec6a/fast' failed
make: *** [cmTC_0ec6a/fast] Error 2


Determining if the function setsockopt exists in the socket failed with the following output:
Change Dir: /home/leonor/Desktop/dune/build/CMakeFiles/CMakeTmp

Run Build Command:"/usr/bin/make" "cmTC_74d9a/fast"
/usr/bin/make -f CMakeFiles/cmTC_74d9a.dir/build.make CMakeFiles/cmTC_74d9a.dir/build
make[1]: Entering directory '/home/leonor/Desktop/dune/build/CMakeFiles/CMakeTmp'
Building C object CMakeFiles/cmTC_74d9a.dir/CheckFunctionExists.c.o
/usr/bin/cc   -DCHECK_FUNCTION_EXISTS=setsockopt   -o CMakeFiles/cmTC_74d9a.dir/CheckFunctionExists.c.o   -c /usr/share/cmake-3.10/Modules/CheckFunctionExists.c
Linking C executable cmTC_74d9a
/usr/bin/cmake -E cmake_link_script CMakeFiles/cmTC_74d9a.dir/link.txt --verbose=1
/usr/bin/cc  -DCHECK_FUNCTION_EXISTS=setsockopt    -rdynamic CMakeFiles/cmTC_74d9a.dir/CheckFunctionExists.c.o  -o cmTC_74d9a -lsocket -lrt 
/usr/bin/ld: cannot find -lsocket
collect2: error: ld returned 1 exit status
CMakeFiles/cmTC_74d9a.dir/build.make:97: recipe for target 'cmTC_74d9a' failed
make[1]: *** [cmTC_74d9a] Error 1
make[1]: Leaving directory '/home/leonor/Desktop/dune/build/CMakeFiles/CMakeTmp'
Makefile:126: recipe for target 'cmTC_74d9a/fast' failed
make: *** [cmTC_74d9a/fast] Error 2


Determining if the function inet_addr exists in the xnet failed with the following output:
Change Dir: /home/leonor/Desktop/dune/build/CMakeFiles/CMakeTmp

Run Build Command:"/usr/bin/make" "cmTC_cf548/fast"
/usr/bin/make -f CMakeFiles/cmTC_cf548.dir/build.make CMakeFiles/cmTC_cf548.dir/build
make[1]: Entering directory '/home/leonor/Desktop/dune/build/CMakeFiles/CMakeTmp'
Building C object CMakeFiles/cmTC_cf548.dir/CheckFunctionExists.c.o
/usr/bin/cc   -DCHECK_FUNCTION_EXISTS=inet_addr   -o CMakeFiles/cmTC_cf548.dir/CheckFunctionExists.c.o   -c /usr/share/cmake-3.10/Modules/CheckFunctionExists.c
Linking C executable cmTC_cf548
/usr/bin/cmake -E cmake_link_script CMakeFiles/cmTC_cf548.dir/link.txt --verbose=1
/usr/bin/cc  -DCHECK_FUNCTION_EXISTS=inet_addr    -rdynamic CMakeFiles/cmTC_cf548.dir/CheckFunctionExists.c.o  -o cmTC_cf548 -lxnet -lrt -lpthread -lm 
/usr/bin/ld: cannot find -lxnet
collect2: error: ld returned 1 exit status
CMakeFiles/cmTC_cf548.dir/build.make:97: recipe for target 'cmTC_cf548' failed
make[1]: *** [cmTC_cf548] Error 1
make[1]: Leaving directory '/home/leonor/Desktop/dune/build/CMakeFiles/CMakeTmp'
Makefile:126: recipe for target 'cmTC_cf548/fast' failed
make: *** [cmTC_cf548/fast] Error 2


Determining if the function gettext exists in the intl failed with the following output:
Change Dir: /home/leonor/Desktop/dune/build/CMakeFiles/CMakeTmp

Run Build Command:"/usr/bin/make" "cmTC_7a059/fast"
/usr/bin/make -f CMakeFiles/cmTC_7a059.dir/build.make CMakeFiles/cmTC_7a059.dir/build
make[1]: Entering directory '/home/leonor/Desktop/dune/build/CMakeFiles/CMakeTmp'
Building C object CMakeFiles/cmTC_7a059.dir/CheckFunctionExists.c.o
/usr/bin/cc   -DCHECK_FUNCTION_EXISTS=gettext   -o CMakeFiles/cmTC_7a059.dir/CheckFunctionExists.c.o   -c /usr/share/cmake-3.10/Modules/CheckFunctionExists.c
<command-line>:0:23: warning: conflicting types for built-in function ‘gettext’ [-Wbuiltin-declaration-mismatch]
/usr/share/cmake-3.10/Modules/CheckFunctionExists.c:7:3: note: in expansion of macro ‘CHECK_FUNCTION_EXISTS’
   CHECK_FUNCTION_EXISTS(void);
   ^~~~~~~~~~~~~~~~~~~~~
Linking C executable cmTC_7a059
/usr/bin/cmake -E cmake_link_script CMakeFiles/cmTC_7a059.dir/link.txt --verbose=1
/usr/bin/cc  -DCHECK_FUNCTION_EXISTS=gettext    -rdynamic CMakeFiles/cmTC_7a059.dir/CheckFunctionExists.c.o  -o cmTC_7a059 -lintl -lrt -lpthread -lm -lnsl -ldl 
/usr/bin/ld: cannot find -lintl
collect2: error: ld returned 1 exit status
CMakeFiles/cmTC_7a059.dir/build.make:97: recipe for target 'cmTC_7a059' failed
make[1]: *** [cmTC_7a059] Error 1
make[1]: Leaving directory '/home/leonor/Desktop/dune/build/CMakeFiles/CMakeTmp'
Makefile:126: recipe for target 'cmTC_7a059/fast' failed
make: *** [cmTC_7a059/fast] Error 2


Determining if the include file devctl.h exists failed with the following output:
Change Dir: /home/leonor/Desktop/dune/build/CMakeFiles/CMakeTmp

Run Build Command:"/usr/bin/make" "cmTC_74b7f/fast"
/usr/bin/make -f CMakeFiles/cmTC_74b7f.dir/build.make CMakeFiles/cmTC_74b7f.dir/build
make[1]: Entering directory '/home/leonor/Desktop/dune/build/CMakeFiles/CMakeTmp'
Building CXX object CMakeFiles/cmTC_74b7f.dir/CheckIncludeFile.cxx.o
/usr/bin/c++     -o CMakeFiles/cmTC_74b7f.dir/CheckIncludeFile.cxx.o -c /home/leonor/Desktop/dune/build/CMakeFiles/CMakeTmp/CheckIncludeFile.cxx
/home/leonor/Desktop/dune/build/CMakeFiles/CMakeTmp/CheckIncludeFile.cxx:1:10: fatal error: devctl.h: No such file or directory
 #include <devctl.h>
          ^~~~~~~~~~
compilation terminated.
CMakeFiles/cmTC_74b7f.dir/build.make:65: recipe for target 'CMakeFiles/cmTC_74b7f.dir/CheckIncludeFile.cxx.o' failed
make[1]: *** [CMakeFiles/cmTC_74b7f.dir/CheckIncludeFile.cxx.o] Error 1
make[1]: Leaving directory '/home/leonor/Desktop/dune/build/CMakeFiles/CMakeTmp'
Makefile:126: recipe for target 'cmTC_74b7f/fast' failed
make: *** [cmTC_74b7f/fast] Error 2


Determining if the include file windows.h exists failed with the following output:
Change Dir: /home/leonor/Desktop/dune/build/CMakeFiles/CMakeTmp

Run Build Command:"/usr/bin/make" "cmTC_dd096/fast"
/usr/bin/make -f CMakeFiles/cmTC_dd096.dir/build.make CMakeFiles/cmTC_dd096.dir/build
make[1]: Entering directory '/home/leonor/Desktop/dune/build/CMakeFiles/CMakeTmp'
Building CXX object CMakeFiles/cmTC_dd096.dir/CheckIncludeFile.cxx.o
/usr/bin/c++     -o CMakeFiles/cmTC_dd096.dir/CheckIncludeFile.cxx.o -c /home/leonor/Desktop/dune/build/CMakeFiles/CMakeTmp/CheckIncludeFile.cxx
/home/leonor/Desktop/dune/build/CMakeFiles/CMakeTmp/CheckIncludeFile.cxx:1:10: fatal error: windows.h: No such file or directory
 #include <windows.h>
          ^~~~~~~~~~~
compilation terminated.
CMakeFiles/cmTC_dd096.dir/build.make:65: recipe for target 'CMakeFiles/cmTC_dd096.dir/CheckIncludeFile.cxx.o' failed
make[1]: *** [CMakeFiles/cmTC_dd096.dir/CheckIncludeFile.cxx.o] Error 1
make[1]: Leaving directory '/home/leonor/Desktop/dune/build/CMakeFiles/CMakeTmp'
Makefile:126: recipe for target 'cmTC_dd096/fast' failed
make: *** [cmTC_dd096/fast] Error 2


Determining if the include file direct.h exists failed with the following output:
Change Dir: /home/leonor/Desktop/dune/build/CMakeFiles/CMakeTmp

Run Build Command:"/usr/bin/make" "cmTC_e230b/fast"
/usr/bin/make -f CMakeFiles/cmTC_e230b.dir/build.make CMakeFiles/cmTC_e230b.dir/build
make[1]: Entering directory '/home/leonor/Desktop/dune/build/CMakeFiles/CMakeTmp'
Building CXX object CMakeFiles/cmTC_e230b.dir/CheckIncludeFile.cxx.o
/usr/bin/c++     -o CMakeFiles/cmTC_e230b.dir/CheckIncludeFile.cxx.o -c /home/leonor/Desktop/dune/build/CMakeFiles/CMakeTmp/CheckIncludeFile.cxx
/home/leonor/Desktop/dune/build/CMakeFiles/CMakeTmp/CheckIncludeFile.cxx:1:10: fatal error: direct.h: No such file or directory
 #include <direct.h>
          ^~~~~~~~~~
compilation terminated.
CMakeFiles/cmTC_e230b.dir/build.make:65: recipe for target 'CMakeFiles/cmTC_e230b.dir/CheckIncludeFile.cxx.o' failed
make[1]: *** [CMakeFiles/cmTC_e230b.dir/CheckIncludeFile.cxx.o] Error 1
make[1]: Leaving directory '/home/leonor/Desktop/dune/build/CMakeFiles/CMakeTmp'
Makefile:126: recipe for target 'cmTC_e230b/fast' failed
make: *** [cmTC_e230b/fast] Error 2


Determining if the include file winsock2.h exists failed with the following output:
Change Dir: /home/leonor/Desktop/dune/build/CMakeFiles/CMakeTmp

Run Build Command:"/usr/bin/make" "cmTC_97051/fast"
/usr/bin/make -f CMakeFiles/cmTC_97051.dir/build.make CMakeFiles/cmTC_97051.dir/build
make[1]: Entering directory '/home/leonor/Desktop/dune/build/CMakeFiles/CMakeTmp'
Building CXX object CMakeFiles/cmTC_97051.dir/CheckIncludeFile.cxx.o
/usr/bin/c++     -o CMakeFiles/cmTC_97051.dir/CheckIncludeFile.cxx.o -c /home/leonor/Desktop/dune/build/CMakeFiles/CMakeTmp/CheckIncludeFile.cxx
/home/leonor/Desktop/dune/build/CMakeFiles/CMakeTmp/CheckIncludeFile.cxx:1:10: fatal error: winsock2.h: No such file or directory
 #include <winsock2.h>
          ^~~~~~~~~~~~
compilation terminated.
CMakeFiles/cmTC_97051.dir/build.make:65: recipe for target 'CMakeFiles/cmTC_97051.dir/CheckIncludeFile.cxx.o' failed
make[1]: *** [CMakeFiles/cmTC_97051.dir/CheckIncludeFile.cxx.o] Error 1
make[1]: Leaving directory '/home/leonor/Desktop/dune/build/CMakeFiles/CMakeTmp'
Makefile:126: recipe for target 'cmTC_97051/fast' failed
make: *** [cmTC_97051/fast] Error 2


Determining if the include file mach-o/dyld.h exists failed with the following output:
Change Dir: /home/leonor/Desktop/dune/build/CMakeFiles/CMakeTmp

Run Build Command:"/usr/bin/make" "cmTC_547ef/fast"
/usr/bin/make -f CMakeFiles/cmTC_547ef.dir/build.make CMakeFiles/cmTC_547ef.dir/build
make[1]: Entering directory '/home/leonor/Desktop/dune/build/CMakeFiles/CMakeTmp'
Building CXX object CMakeFiles/cmTC_547ef.dir/CheckIncludeFile.cxx.o
/usr/bin/c++     -o CMakeFiles/cmTC_547ef.dir/CheckIncludeFile.cxx.o -c /home/leonor/Desktop/dune/build/CMakeFiles/CMakeTmp/CheckIncludeFile.cxx
/home/leonor/Desktop/dune/build/CMakeFiles/CMakeTmp/CheckIncludeFile.cxx:1:10: fatal error: mach-o/dyld.h: No such file or directory
 #include <mach-o/dyld.h>
          ^~~~~~~~~~~~~~~
compilation terminated.
CMakeFiles/cmTC_547ef.dir/build.make:65: recipe for target 'CMakeFiles/cmTC_547ef.dir/CheckIncludeFile.cxx.o' failed
make[1]: *** [CMakeFiles/cmTC_547ef.dir/CheckIncludeFile.cxx.o] Error 1
make[1]: Leaving directory '/home/leonor/Desktop/dune/build/CMakeFiles/CMakeTmp'
Makefile:126: recipe for target 'cmTC_547ef/fast' failed
make: *** [cmTC_547ef/fast] Error 2


Determining if the include file process.h exists failed with the following output:
Change Dir: /home/leonor/Desktop/dune/build/CMakeFiles/CMakeTmp

Run Build Command:"/usr/bin/make" "cmTC_c15ab/fast"
/usr/bin/make -f CMakeFiles/cmTC_c15ab.dir/build.make CMakeFiles/cmTC_c15ab.dir/build
make[1]: Entering directory '/home/leonor/Desktop/dune/build/CMakeFiles/CMakeTmp'
Building CXX object CMakeFiles/cmTC_c15ab.dir/CheckIncludeFile.cxx.o
/usr/bin/c++     -o CMakeFiles/cmTC_c15ab.dir/CheckIncludeFile.cxx.o -c /home/leonor/Desktop/dune/build/CMakeFiles/CMakeTmp/CheckIncludeFile.cxx
/home/leonor/Desktop/dune/build/CMakeFiles/CMakeTmp/CheckIncludeFile.cxx:1:10: fatal error: process.h: No such file or directory
 #include <process.h>
          ^~~~~~~~~~~
compilation terminated.
CMakeFiles/cmTC_c15ab.dir/build.make:65: recipe for target 'CMakeFiles/cmTC_c15ab.dir/CheckIncludeFile.cxx.o' failed
make[1]: *** [CMakeFiles/cmTC_c15ab.dir/CheckIncludeFile.cxx.o] Error 1
make[1]: Leaving directory '/home/leonor/Desktop/dune/build/CMakeFiles/CMakeTmp'
Makefile:126: recipe for target 'cmTC_c15ab/fast' failed
make: *** [cmTC_c15ab/fast] Error 2


Determining if the include file bsp.h exists failed with the following output:
Change Dir: /home/leonor/Desktop/dune/build/CMakeFiles/CMakeTmp

Run Build Command:"/usr/bin/make" "cmTC_00f4d/fast"
/usr/bin/make -f CMakeFiles/cmTC_00f4d.dir/build.make CMakeFiles/cmTC_00f4d.dir/build
make[1]: Entering directory '/home/leonor/Desktop/dune/build/CMakeFiles/CMakeTmp'
Building CXX object CMakeFiles/cmTC_00f4d.dir/CheckIncludeFile.cxx.o
/usr/bin/c++     -o CMakeFiles/cmTC_00f4d.dir/CheckIncludeFile.cxx.o -c /home/leonor/Desktop/dune/build/CMakeFiles/CMakeTmp/CheckIncludeFile.cxx
/home/leonor/Desktop/dune/build/CMakeFiles/CMakeTmp/CheckIncludeFile.cxx:1:10: fatal error: bsp.h: No such file or directory
 #include <bsp.h>
          ^~~~~~~
compilation terminated.
CMakeFiles/cmTC_00f4d.dir/build.make:65: recipe for target 'CMakeFiles/cmTC_00f4d.dir/CheckIncludeFile.cxx.o' failed
make[1]: *** [CMakeFiles/cmTC_00f4d.dir/CheckIncludeFile.cxx.o] Error 1
make[1]: Leaving directory '/home/leonor/Desktop/dune/build/CMakeFiles/CMakeTmp'
Makefile:126: recipe for target 'cmTC_00f4d/fast' failed
make: *** [cmTC_00f4d/fast] Error 2


Performing C++ SOURCE FILE Test DUNE_SYS_HAS_TIMEPPS_H failed with the following output:
Change Dir: /home/leonor/Desktop/dune/build/CMakeFiles/CMakeTmp

Run Build Command:"/usr/bin/make" "cmTC_54fb1/fast"
/usr/bin/make -f CMakeFiles/cmTC_54fb1.dir/build.make CMakeFiles/cmTC_54fb1.dir/build
make[1]: Entering directory '/home/leonor/Desktop/dune/build/CMakeFiles/CMakeTmp'
Building CXX object CMakeFiles/cmTC_54fb1.dir/src.cxx.o
/usr/bin/c++    -DDUNE_SYS_HAS_TIMEPPS_H   -o CMakeFiles/cmTC_54fb1.dir/src.cxx.o -c /home/leonor/Desktop/dune/build/CMakeFiles/CMakeTmp/src.cxx
/home/leonor/Desktop/dune/build/CMakeFiles/CMakeTmp/src.cxx:3:10: fatal error: timepps.h: No such file or directory
 #include <timepps.h>
          ^~~~~~~~~~~
compilation terminated.
CMakeFiles/cmTC_54fb1.dir/build.make:65: recipe for target 'CMakeFiles/cmTC_54fb1.dir/src.cxx.o' failed
make[1]: *** [CMakeFiles/cmTC_54fb1.dir/src.cxx.o] Error 1
make[1]: Leaving directory '/home/leonor/Desktop/dune/build/CMakeFiles/CMakeTmp'
Makefile:126: recipe for target 'cmTC_54fb1/fast' failed
make: *** [cmTC_54fb1/fast] Error 2

Source file was:
#include <unistd.h>

#include <timepps.h>
int main(void){ return 0; }

Performing C++ SOURCE FILE Test DUNE_SYS_HAS_IPHLPAPI_H failed with the following output:
Change Dir: /home/leonor/Desktop/dune/build/CMakeFiles/CMakeTmp

Run Build Command:"/usr/bin/make" "cmTC_535ad/fast"
/usr/bin/make -f CMakeFiles/cmTC_535ad.dir/build.make CMakeFiles/cmTC_535ad.dir/build
make[1]: Entering directory '/home/leonor/Desktop/dune/build/CMakeFiles/CMakeTmp'
Building CXX object CMakeFiles/cmTC_535ad.dir/src.cxx.o
/usr/bin/c++    -DDUNE_SYS_HAS_IPHLPAPI_H   -o CMakeFiles/cmTC_535ad.dir/src.cxx.o -c /home/leonor/Desktop/dune/build/CMakeFiles/CMakeTmp/src.cxx
/home/leonor/Desktop/dune/build/CMakeFiles/CMakeTmp/src.cxx:2:10: fatal error: iphlpapi.h: No such file or directory
 #include <iphlpapi.h>
          ^~~~~~~~~~~~
compilation terminated.
CMakeFiles/cmTC_535ad.dir/build.make:65: recipe for target 'CMakeFiles/cmTC_535ad.dir/src.cxx.o' failed
make[1]: *** [CMakeFiles/cmTC_535ad.dir/src.cxx.o] Error 1
make[1]: Leaving directory '/home/leonor/Desktop/dune/build/CMakeFiles/CMakeTmp'
Makefile:126: recipe for target 'cmTC_535ad/fast' failed
make: *** [cmTC_535ad/fast] Error 2

Source file was:

#include <iphlpapi.h>
int main(void){ return 0; }

Performing C++ SOURCE FILE Test DUNE_SYS_HAS_WS2TCPIP_H failed with the following output:
Change Dir: /home/leonor/Desktop/dune/build/CMakeFiles/CMakeTmp

Run Build Command:"/usr/bin/make" "cmTC_da932/fast"
/usr/bin/make -f CMakeFiles/cmTC_da932.dir/build.make CMakeFiles/cmTC_da932.dir/build
make[1]: Entering directory '/home/leonor/Desktop/dune/build/CMakeFiles/CMakeTmp'
Building CXX object CMakeFiles/cmTC_da932.dir/src.cxx.o
/usr/bin/c++    -DDUNE_SYS_HAS_WS2TCPIP_H   -o CMakeFiles/cmTC_da932.dir/src.cxx.o -c /home/leonor/Desktop/dune/build/CMakeFiles/CMakeTmp/src.cxx
/home/leonor/Desktop/dune/build/CMakeFiles/CMakeTmp/src.cxx:2:10: fatal error: ws2tcpip.h: No such file or directory
 #include <ws2tcpip.h>
          ^~~~~~~~~~~~
compilation terminated.
CMakeFiles/cmTC_da932.dir/build.make:65: recipe for target 'CMakeFiles/cmTC_da932.dir/src.cxx.o' failed
make[1]: *** [CMakeFiles/cmTC_da932.dir/src.cxx.o] Error 1
make[1]: Leaving directory '/home/leonor/Desktop/dune/build/CMakeFiles/CMakeTmp'
Makefile:126: recipe for target 'cmTC_da932/fast' failed
make: *** [cmTC_da932/fast] Error 2

Source file was:

#include <ws2tcpip.h>
int main(void){ return 0; }

Performing C++ SOURCE FILE Test DUNE_SYS_HAS_WS2SPI_H failed with the following output:
Change Dir: /home/leonor/Desktop/dune/build/CMakeFiles/CMakeTmp

Run Build Command:"/usr/bin/make" "cmTC_5a520/fast"
/usr/bin/make -f CMakeFiles/cmTC_5a520.dir/build.make CMakeFiles/cmTC_5a520.dir/build
make[1]: Entering directory '/home/leonor/Desktop/dune/build/CMakeFiles/CMakeTmp'
Building CXX object CMakeFiles/cmTC_5a520.dir/src.cxx.o
/usr/bin/c++    -DDUNE_SYS_HAS_WS2SPI_H   -o CMakeFiles/cmTC_5a520.dir/src.cxx.o -c /home/leonor/Desktop/dune/build/CMakeFiles/CMakeTmp/src.cxx
/home/leonor/Desktop/dune/build/CMakeFiles/CMakeTmp/src.cxx:2:10: fatal error: ws2spi.h: No such file or directory
 #include <ws2spi.h>
          ^~~~~~~~~~
compilation terminated.
CMakeFiles/cmTC_5a520.dir/build.make:65: recipe for target 'CMakeFiles/cmTC_5a520.dir/src.cxx.o' failed
make[1]: *** [CMakeFiles/cmTC_5a520.dir/src.cxx.o] Error 1
make[1]: Leaving directory '/home/leonor/Desktop/dune/build/CMakeFiles/CMakeTmp'
Makefile:126: recipe for target 'cmTC_5a520/fast' failed
make: *** [cmTC_5a520/fast] Error 2

Source file was:

#include <ws2spi.h>
int main(void){ return 0; }

Performing C++ SOURCE FILE Test DUNE_SYS_HAS_STRNCPY_S failed with the following output:
Change Dir: /home/leonor/Desktop/dune/build/CMakeFiles/CMakeTmp

Run Build Command:"/usr/bin/make" "cmTC_58d89/fast"
/usr/bin/make -f CMakeFiles/cmTC_58d89.dir/build.make CMakeFiles/cmTC_58d89.dir/build
make[1]: Entering directory '/home/leonor/Desktop/dune/build/CMakeFiles/CMakeTmp'
Building CXX object CMakeFiles/cmTC_58d89.dir/src.cxx.o
/usr/bin/c++    -DDUNE_SYS_HAS_STRNCPY_S -Wall -Wshadow -pedantic   -o CMakeFiles/cmTC_58d89.dir/src.cxx.o -c /home/leonor/Desktop/dune/build/CMakeFiles/CMakeTmp/src.cxx
/home/leonor/Desktop/dune/build/CMakeFiles/CMakeTmp/src.cxx: In function ‘int main()’:
/home/leonor/Desktop/dune/build/CMakeFiles/CMakeTmp/src.cxx:4:1: error: ‘size_t’ was not declared in this scope
 size_t xx;
 ^~~~~~
/home/leonor/Desktop/dune/build/CMakeFiles/CMakeTmp/src.cxx:6:8: error: expected ‘;’ before ‘xxxx’
 size_t xxxx;
        ^~~~
/home/leonor/Desktop/dune/build/CMakeFiles/CMakeTmp/src.cxx:8:2: error: ‘errno_t’ was not declared in this scope
  errno_t rv = strncpy_s(&x, xx, &xxx, xxxx);
  ^~~~~~~
/home/leonor/Desktop/dune/build/CMakeFiles/CMakeTmp/src.cxx:3:6: warning: unused variable ‘x’ [-Wunused-variable]
 char x;
      ^
/home/leonor/Desktop/dune/build/CMakeFiles/CMakeTmp/src.cxx:5:6: warning: unused variable ‘xxx’ [-Wunused-variable]
 char xxx;
      ^~~
CMakeFiles/cmTC_58d89.dir/build.make:65: recipe for target 'CMakeFiles/cmTC_58d89.dir/src.cxx.o' failed
make[1]: *** [CMakeFiles/cmTC_58d89.dir/src.cxx.o] Error 1
make[1]: Leaving directory '/home/leonor/Desktop/dune/build/CMakeFiles/CMakeTmp'
Makefile:126: recipe for target 'cmTC_58d89/fast' failed
make: *** [cmTC_58d89/fast] Error 2

Source file was:

int main(void) {
char x;
size_t xx;
char xxx;
size_t xxxx;

 errno_t rv = strncpy_s(&x, xx, &xxx, xxxx);
return 0;
}

Performing C++ SOURCE FILE Test DUNE_SYS_HAS_VSNPRINTF_S failed with the following output:
Change Dir: /home/leonor/Desktop/dune/build/CMakeFiles/CMakeTmp

Run Build Command:"/usr/bin/make" "cmTC_4c80d/fast"
/usr/bin/make -f CMakeFiles/cmTC_4c80d.dir/build.make CMakeFiles/cmTC_4c80d.dir/build
make[1]: Entering directory '/home/leonor/Desktop/dune/build/CMakeFiles/CMakeTmp'
Building CXX object CMakeFiles/cmTC_4c80d.dir/src.cxx.o
/usr/bin/c++    -DDUNE_SYS_HAS_VSNPRINTF_S -Wall -Wshadow -pedantic   -o CMakeFiles/cmTC_4c80d.dir/src.cxx.o -c /home/leonor/Desktop/dune/build/CMakeFiles/CMakeTmp/src.cxx
/home/leonor/Desktop/dune/build/CMakeFiles/CMakeTmp/src.cxx: In function ‘int main()’:
/home/leonor/Desktop/dune/build/CMakeFiles/CMakeTmp/src.cxx:4:1: error: ‘size_t’ was not declared in this scope
 size_t xx;
 ^~~~~~
/home/leonor/Desktop/dune/build/CMakeFiles/CMakeTmp/src.cxx:5:8: error: expected ‘;’ before ‘xxx’
 size_t xxx;
        ^~~
/home/leonor/Desktop/dune/build/CMakeFiles/CMakeTmp/src.cxx:7:2: error: ‘va_list’ was not declared in this scope
  va_list xxxxx;
  ^~~~~~~
/home/leonor/Desktop/dune/build/CMakeFiles/CMakeTmp/src.cxx:9:27: error: ‘xx’ was not declared in this scope
  int rv = vsnprintf_s(&x, xx, xxx, &xxxx, xxxxx);
                           ^~
/home/leonor/Desktop/dune/build/CMakeFiles/CMakeTmp/src.cxx:9:27: note: suggested alternative: ‘x’
  int rv = vsnprintf_s(&x, xx, xxx, &xxxx, xxxxx);
                           ^~
                           x
/home/leonor/Desktop/dune/build/CMakeFiles/CMakeTmp/src.cxx:9:31: error: ‘xxx’ was not declared in this scope
  int rv = vsnprintf_s(&x, xx, xxx, &xxxx, xxxxx);
                               ^~~
/home/leonor/Desktop/dune/build/CMakeFiles/CMakeTmp/src.cxx:9:31: note: suggested alternative: ‘xxxx’
  int rv = vsnprintf_s(&x, xx, xxx, &xxxx, xxxxx);
                               ^~~
                               xxxx
/home/leonor/Desktop/dune/build/CMakeFiles/CMakeTmp/src.cxx:9:43: error: ‘xxxxx’ was not declared in this scope
  int rv = vsnprintf_s(&x, xx, xxx, &xxxx, xxxxx);
                                           ^~~~~
/home/leonor/Desktop/dune/build/CMakeFiles/CMakeTmp/src.cxx:9:43: note: suggested alternative: ‘xxxx’
  int rv = vsnprintf_s(&x, xx, xxx, &xxxx, xxxxx);
                                           ^~~~~
                                           xxxx
/home/leonor/Desktop/dune/build/CMakeFiles/CMakeTmp/src.cxx:9:11: error: ‘vsnprintf_s’ was not declared in this scope
  int rv = vsnprintf_s(&x, xx, xxx, &xxxx, xxxxx);
           ^~~~~~~~~~~
/home/leonor/Desktop/dune/build/CMakeFiles/CMakeTmp/src.cxx:9:6: warning: unused variable ‘rv’ [-Wunused-variable]
  int rv = vsnprintf_s(&x, xx, xxx, &xxxx, xxxxx);
      ^~
CMakeFiles/cmTC_4c80d.dir/build.make:65: recipe for target 'CMakeFiles/cmTC_4c80d.dir/src.cxx.o' failed
make[1]: *** [CMakeFiles/cmTC_4c80d.dir/src.cxx.o] Error 1
make[1]: Leaving directory '/home/leonor/Desktop/dune/build/CMakeFiles/CMakeTmp'
Makefile:126: recipe for target 'cmTC_4c80d/fast' failed
make: *** [cmTC_4c80d/fast] Error 2

Source file was:

int main(void) {
char x;
size_t xx;
size_t xxx;
char xxxx;
 va_list xxxxx;

 int rv = vsnprintf_s(&x, xx, xxx, &xxxx, xxxxx);
return 0;
}

Performing C++ SOURCE FILE Test DUNE_SYS_HAS_CLOSESOCKET failed with the following output:
Change Dir: /home/leonor/Desktop/dune/build/CMakeFiles/CMakeTmp

Run Build Command:"/usr/bin/make" "cmTC_08aac/fast"
/usr/bin/make -f CMakeFiles/cmTC_08aac.dir/build.make CMakeFiles/cmTC_08aac.dir/build
make[1]: Entering directory '/home/leonor/Desktop/dune/build/CMakeFiles/CMakeTmp'
Building CXX object CMakeFiles/cmTC_08aac.dir/src.cxx.o
/usr/bin/c++    -DDUNE_SYS_HAS_CLOSESOCKET -Wall -Wshadow -pedantic   -o CMakeFiles/cmTC_08aac.dir/src.cxx.o -c /home/leonor/Desktop/dune/build/CMakeFiles/CMakeTmp/src.cxx
/home/leonor/Desktop/dune/build/CMakeFiles/CMakeTmp/src.cxx: In function ‘int main()’:
/home/leonor/Desktop/dune/build/CMakeFiles/CMakeTmp/src.cxx:3:1: error: ‘SOCKET’ was not declared in this scope
 SOCKET x;
 ^~~~~~
/home/leonor/Desktop/dune/build/CMakeFiles/CMakeTmp/src.cxx:5:23: error: ‘x’ was not declared in this scope
  int rv = closesocket(x);
                       ^
/home/leonor/Desktop/dune/build/CMakeFiles/CMakeTmp/src.cxx:5:11: error: ‘closesocket’ was not declared in this scope
  int rv = closesocket(x);
           ^~~~~~~~~~~
/home/leonor/Desktop/dune/build/CMakeFiles/CMakeTmp/src.cxx:5:6: warning: unused variable ‘rv’ [-Wunused-variable]
  int rv = closesocket(x);
      ^~
CMakeFiles/cmTC_08aac.dir/build.make:65: recipe for target 'CMakeFiles/cmTC_08aac.dir/src.cxx.o' failed
make[1]: *** [CMakeFiles/cmTC_08aac.dir/src.cxx.o] Error 1
make[1]: Leaving directory '/home/leonor/Desktop/dune/build/CMakeFiles/CMakeTmp'
Makefile:126: recipe for target 'cmTC_08aac/fast' failed
make: *** [cmTC_08aac/fast] Error 2

Source file was:

int main(void) {
SOCKET x;

 int rv = closesocket(x);
return 0;
}

Performing C++ SOURCE FILE Test DUNE_SYS_HAS_PTHREAD_WIN32_PROCESS_ATTACH_NP failed with the following output:
Change Dir: /home/leonor/Desktop/dune/build/CMakeFiles/CMakeTmp

Run Build Command:"/usr/bin/make" "cmTC_0799c/fast"
/usr/bin/make -f CMakeFiles/cmTC_0799c.dir/build.make CMakeFiles/cmTC_0799c.dir/build
make[1]: Entering directory '/home/leonor/Desktop/dune/build/CMakeFiles/CMakeTmp'
Building CXX object CMakeFiles/cmTC_0799c.dir/src.cxx.o
/usr/bin/c++    -DDUNE_SYS_HAS_PTHREAD_WIN32_PROCESS_ATTACH_NP -Wall -Wshadow -pedantic   -o CMakeFiles/cmTC_0799c.dir/src.cxx.o -c /home/leonor/Desktop/dune/build/CMakeFiles/CMakeTmp/src.cxx
/home/leonor/Desktop/dune/build/CMakeFiles/CMakeTmp/src.cxx: In function ‘int main()’:
/home/leonor/Desktop/dune/build/CMakeFiles/CMakeTmp/src.cxx:5:11: error: ‘pthread_win32_process_attach_np’ was not declared in this scope
  int rv = pthread_win32_process_attach_np();
           ^~~~~~~~~~~~~~~~~~~~~~~~~~~~~~~
/home/leonor/Desktop/dune/build/CMakeFiles/CMakeTmp/src.cxx:5:6: warning: unused variable ‘rv’ [-Wunused-variable]
  int rv = pthread_win32_process_attach_np();
      ^~
CMakeFiles/cmTC_0799c.dir/build.make:65: recipe for target 'CMakeFiles/cmTC_0799c.dir/src.cxx.o' failed
make[1]: *** [CMakeFiles/cmTC_0799c.dir/src.cxx.o] Error 1
make[1]: Leaving directory '/home/leonor/Desktop/dune/build/CMakeFiles/CMakeTmp'
Makefile:126: recipe for target 'cmTC_0799c/fast' failed
make: *** [cmTC_0799c/fast] Error 2

Source file was:
#include <pthread.h>

int main(void) {

 int rv = pthread_win32_process_attach_np();
return 0;
}

Performing C++ SOURCE FILE Test DUNE_SYS_HAS__GETCWD failed with the following output:
Change Dir: /home/leonor/Desktop/dune/build/CMakeFiles/CMakeTmp

Run Build Command:"/usr/bin/make" "cmTC_8b7d5/fast"
/usr/bin/make -f CMakeFiles/cmTC_8b7d5.dir/build.make CMakeFiles/cmTC_8b7d5.dir/build
make[1]: Entering directory '/home/leonor/Desktop/dune/build/CMakeFiles/CMakeTmp'
Building CXX object CMakeFiles/cmTC_8b7d5.dir/src.cxx.o
/usr/bin/c++    -DDUNE_SYS_HAS__GETCWD -Wall -Wshadow -pedantic   -o CMakeFiles/cmTC_8b7d5.dir/src.cxx.o -c /home/leonor/Desktop/dune/build/CMakeFiles/CMakeTmp/src.cxx
/home/leonor/Desktop/dune/build/CMakeFiles/CMakeTmp/src.cxx: In function ‘int main()’:
/home/leonor/Desktop/dune/build/CMakeFiles/CMakeTmp/src.cxx:6:13: error: ‘_getcwd’ was not declared in this scope
  char* rv = _getcwd(&x, xx);
             ^~~~~~~
/home/leonor/Desktop/dune/build/CMakeFiles/CMakeTmp/src.cxx:6:8: warning: unused variable ‘rv’ [-Wunused-variable]
  char* rv = _getcwd(&x, xx);
        ^~
CMakeFiles/cmTC_8b7d5.dir/build.make:65: recipe for target 'CMakeFiles/cmTC_8b7d5.dir/src.cxx.o' failed
make[1]: *** [CMakeFiles/cmTC_8b7d5.dir/src.cxx.o] Error 1
make[1]: Leaving directory '/home/leonor/Desktop/dune/build/CMakeFiles/CMakeTmp'
Makefile:126: recipe for target 'cmTC_8b7d5/fast' failed
make: *** [cmTC_8b7d5/fast] Error 2

Source file was:

int main(void) {
char x;
int xx;

 char* rv = _getcwd(&x, xx);
return 0;
}

Performing C++ SOURCE FILE Test DUNE_SYS_HAS_FORMAT_MESSAGE failed with the following output:
Change Dir: /home/leonor/Desktop/dune/build/CMakeFiles/CMakeTmp

Run Build Command:"/usr/bin/make" "cmTC_3e12e/fast"
/usr/bin/make -f CMakeFiles/cmTC_3e12e.dir/build.make CMakeFiles/cmTC_3e12e.dir/build
make[1]: Entering directory '/home/leonor/Desktop/dune/build/CMakeFiles/CMakeTmp'
Building CXX object CMakeFiles/cmTC_3e12e.dir/src.cxx.o
/usr/bin/c++    -DDUNE_SYS_HAS_FORMAT_MESSAGE -Wall -Wshadow -pedantic   -o CMakeFiles/cmTC_3e12e.dir/src.cxx.o -c /home/leonor/Desktop/dune/build/CMakeFiles/CMakeTmp/src.cxx
/home/leonor/Desktop/dune/build/CMakeFiles/CMakeTmp/src.cxx: In function ‘int main()’:
/home/leonor/Desktop/dune/build/CMakeFiles/CMakeTmp/src.cxx:3:1: error: ‘DWORD’ was not declared in this scope
 DWORD x;
 ^~~~~
/home/leonor/Desktop/dune/build/CMakeFiles/CMakeTmp/src.cxx:5:7: error: expected ‘;’ before ‘xxx’
 DWORD xxx;
       ^~~
/home/leonor/Desktop/dune/build/CMakeFiles/CMakeTmp/src.cxx:6:7: error: expected ‘;’ before ‘xxxx’
 DWORD xxxx;
       ^~~~
/home/leonor/Desktop/dune/build/CMakeFiles/CMakeTmp/src.cxx:8:7: error: expected ‘;’ before ‘xxxxxx’
 DWORD xxxxxx;
       ^~~~~~
/home/leonor/Desktop/dune/build/CMakeFiles/CMakeTmp/src.cxx:9:1: error: ‘va_list’ was not declared in this scope
 va_list xxxxxxx;
 ^~~~~~~
/home/leonor/Desktop/dune/build/CMakeFiles/CMakeTmp/src.cxx:11:8: error: expected ‘;’ before ‘rv’
  DWORD rv = FormatMessage(x, &xx, xxx, xxxx, &xxxxx, xxxxxx, &xxxxxxx);
        ^~
/home/leonor/Desktop/dune/build/CMakeFiles/CMakeTmp/src.cxx:4:6: warning: unused variable ‘xx’ [-Wunused-variable]
 char xx;
      ^~
/home/leonor/Desktop/dune/build/CMakeFiles/CMakeTmp/src.cxx:7:6: warning: unused variable ‘xxxxx’ [-Wunused-variable]
 char xxxxx;
      ^~~~~
CMakeFiles/cmTC_3e12e.dir/build.make:65: recipe for target 'CMakeFiles/cmTC_3e12e.dir/src.cxx.o' failed
make[1]: *** [CMakeFiles/cmTC_3e12e.dir/src.cxx.o] Error 1
make[1]: Leaving directory '/home/leonor/Desktop/dune/build/CMakeFiles/CMakeTmp'
Makefile:126: recipe for target 'cmTC_3e12e/fast' failed
make: *** [cmTC_3e12e/fast] Error 2

Source file was:

int main(void) {
DWORD x;
char xx;
DWORD xxx;
DWORD xxxx;
char xxxxx;
DWORD xxxxxx;
va_list xxxxxxx;

 DWORD rv = FormatMessage(x, &xx, xxx, xxxx, &xxxxx, xxxxxx, &xxxxxxx);
return 0;
}

Performing C++ SOURCE FILE Test DUNE_SYS_HAS_GET_SYSTEM_TIME_AS_FILE_TIME failed with the following output:
Change Dir: /home/leonor/Desktop/dune/build/CMakeFiles/CMakeTmp

Run Build Command:"/usr/bin/make" "cmTC_16bce/fast"
/usr/bin/make -f CMakeFiles/cmTC_16bce.dir/build.make CMakeFiles/cmTC_16bce.dir/build
make[1]: Entering directory '/home/leonor/Desktop/dune/build/CMakeFiles/CMakeTmp'
Building CXX object CMakeFiles/cmTC_16bce.dir/src.cxx.o
/usr/bin/c++    -DDUNE_SYS_HAS_GET_SYSTEM_TIME_AS_FILE_TIME -Wall -Wshadow -pedantic   -o CMakeFiles/cmTC_16bce.dir/src.cxx.o -c /home/leonor/Desktop/dune/build/CMakeFiles/CMakeTmp/src.cxx
/home/leonor/Desktop/dune/build/CMakeFiles/CMakeTmp/src.cxx: In function ‘int main()’:
/home/leonor/Desktop/dune/build/CMakeFiles/CMakeTmp/src.cxx:3:1: error: ‘FILETIME’ was not declared in this scope
 FILETIME x;
 ^~~~~~~~
/home/leonor/Desktop/dune/build/CMakeFiles/CMakeTmp/src.cxx:5:26: error: ‘x’ was not declared in this scope
 GetSystemTimeAsFileTime(&x);
                          ^
/home/leonor/Desktop/dune/build/CMakeFiles/CMakeTmp/src.cxx:5:1: error: ‘GetSystemTimeAsFileTime’ was not declared in this scope
 GetSystemTimeAsFileTime(&x);
 ^~~~~~~~~~~~~~~~~~~~~~~
CMakeFiles/cmTC_16bce.dir/build.make:65: recipe for target 'CMakeFiles/cmTC_16bce.dir/src.cxx.o' failed
make[1]: *** [CMakeFiles/cmTC_16bce.dir/src.cxx.o] Error 1
make[1]: Leaving directory '/home/leonor/Desktop/dune/build/CMakeFiles/CMakeTmp'
Makefile:126: recipe for target 'cmTC_16bce/fast' failed
make: *** [cmTC_16bce/fast] Error 2

Source file was:

int main(void) {
FILETIME x;

GetSystemTimeAsFileTime(&x);
return 0;
}

Performing C++ SOURCE FILE Test DUNE_SYS_HAS_QUERY_PERFORMANCE_COUNTER failed with the following output:
Change Dir: /home/leonor/Desktop/dune/build/CMakeFiles/CMakeTmp

Run Build Command:"/usr/bin/make" "cmTC_90d8c/fast"
/usr/bin/make -f CMakeFiles/cmTC_90d8c.dir/build.make CMakeFiles/cmTC_90d8c.dir/build
make[1]: Entering directory '/home/leonor/Desktop/dune/build/CMakeFiles/CMakeTmp'
Building CXX object CMakeFiles/cmTC_90d8c.dir/src.cxx.o
/usr/bin/c++    -DDUNE_SYS_HAS_QUERY_PERFORMANCE_COUNTER -Wall -Wshadow -pedantic   -o CMakeFiles/cmTC_90d8c.dir/src.cxx.o -c /home/leonor/Desktop/dune/build/CMakeFiles/CMakeTmp/src.cxx
/home/leonor/Desktop/dune/build/CMakeFiles/CMakeTmp/src.cxx: In function ‘int main()’:
/home/leonor/Desktop/dune/build/CMakeFiles/CMakeTmp/src.cxx:3:1: error: ‘LARGE_INTEGER’ was not declared in this scope
 LARGE_INTEGER x;
 ^~~~~~~~~~~~~
/home/leonor/Desktop/dune/build/CMakeFiles/CMakeTmp/src.cxx:5:37: error: ‘x’ was not declared in this scope
  bool rv = QueryPerformanceCounter(&x);
                                     ^
/home/leonor/Desktop/dune/build/CMakeFiles/CMakeTmp/src.cxx:5:12: error: ‘QueryPerformanceCounter’ was not declared in this scope
  bool rv = QueryPerformanceCounter(&x);
            ^~~~~~~~~~~~~~~~~~~~~~~
/home/leonor/Desktop/dune/build/CMakeFiles/CMakeTmp/src.cxx:5:7: warning: unused variable ‘rv’ [-Wunused-variable]
  bool rv = QueryPerformanceCounter(&x);
       ^~
CMakeFiles/cmTC_90d8c.dir/build.make:65: recipe for target 'CMakeFiles/cmTC_90d8c.dir/src.cxx.o' failed
make[1]: *** [CMakeFiles/cmTC_90d8c.dir/src.cxx.o] Error 1
make[1]: Leaving directory '/home/leonor/Desktop/dune/build/CMakeFiles/CMakeTmp'
Makefile:126: recipe for target 'cmTC_90d8c/fast' failed
make: *** [cmTC_90d8c/fast] Error 2

Source file was:

int main(void) {
LARGE_INTEGER x;

 bool rv = QueryPerformanceCounter(&x);
return 0;
}

Performing C++ SOURCE FILE Test DUNE_SYS_HAS_GET_LAST_ERROR failed with the following output:
Change Dir: /home/leonor/Desktop/dune/build/CMakeFiles/CMakeTmp

Run Build Command:"/usr/bin/make" "cmTC_42f90/fast"
/usr/bin/make -f CMakeFiles/cmTC_42f90.dir/build.make CMakeFiles/cmTC_42f90.dir/build
make[1]: Entering directory '/home/leonor/Desktop/dune/build/CMakeFiles/CMakeTmp'
Building CXX object CMakeFiles/cmTC_42f90.dir/src.cxx.o
/usr/bin/c++    -DDUNE_SYS_HAS_GET_LAST_ERROR -Wall -Wshadow -pedantic   -o CMakeFiles/cmTC_42f90.dir/src.cxx.o -c /home/leonor/Desktop/dune/build/CMakeFiles/CMakeTmp/src.cxx
/home/leonor/Desktop/dune/build/CMakeFiles/CMakeTmp/src.cxx: In function ‘int main()’:
/home/leonor/Desktop/dune/build/CMakeFiles/CMakeTmp/src.cxx:4:2: error: ‘DWORD’ was not declared in this scope
  DWORD rv = GetLastError();
  ^~~~~
CMakeFiles/cmTC_42f90.dir/build.make:65: recipe for target 'CMakeFiles/cmTC_42f90.dir/src.cxx.o' failed
make[1]: *** [CMakeFiles/cmTC_42f90.dir/src.cxx.o] Error 1
make[1]: Leaving directory '/home/leonor/Desktop/dune/build/CMakeFiles/CMakeTmp'
Makefile:126: recipe for target 'cmTC_42f90/fast' failed
make: *** [cmTC_42f90/fast] Error 2

Source file was:

int main(void) {

 DWORD rv = GetLastError();
return 0;
}

Performing C++ SOURCE FILE Test DUNE_SYS_HAS_CREATE_WAITABLE_TIMER failed with the following output:
Change Dir: /home/leonor/Desktop/dune/build/CMakeFiles/CMakeTmp

Run Build Command:"/usr/bin/make" "cmTC_a3c56/fast"
/usr/bin/make -f CMakeFiles/cmTC_a3c56.dir/build.make CMakeFiles/cmTC_a3c56.dir/build
make[1]: Entering directory '/home/leonor/Desktop/dune/build/CMakeFiles/CMakeTmp'
Building CXX object CMakeFiles/cmTC_a3c56.dir/src.cxx.o
/usr/bin/c++    -DDUNE_SYS_HAS_CREATE_WAITABLE_TIMER -Wall -Wshadow -pedantic   -o CMakeFiles/cmTC_a3c56.dir/src.cxx.o -c /home/leonor/Desktop/dune/build/CMakeFiles/CMakeTmp/src.cxx
/home/leonor/Desktop/dune/build/CMakeFiles/CMakeTmp/src.cxx: In function ‘int main()’:
/home/leonor/Desktop/dune/build/CMakeFiles/CMakeTmp/src.cxx:3:1: error: ‘SECURITY_ATTRIBUTES’ was not declared in this scope
 SECURITY_ATTRIBUTES x;
 ^~~~~~~~~~~~~~~~~~~
/home/leonor/Desktop/dune/build/CMakeFiles/CMakeTmp/src.cxx:4:1: error: ‘BOOL’ was not declared in this scope
 BOOL xx;
 ^~~~
/home/leonor/Desktop/dune/build/CMakeFiles/CMakeTmp/src.cxx:7:2: error: ‘HANDLE’ was not declared in this scope
  HANDLE rv = CreateWaitableTimer(&x, xx, &xxx);
  ^~~~~~
/home/leonor/Desktop/dune/build/CMakeFiles/CMakeTmp/src.cxx:5:6: warning: unused variable ‘xxx’ [-Wunused-variable]
 char xxx;
      ^~~
CMakeFiles/cmTC_a3c56.dir/build.make:65: recipe for target 'CMakeFiles/cmTC_a3c56.dir/src.cxx.o' failed
make[1]: *** [CMakeFiles/cmTC_a3c56.dir/src.cxx.o] Error 1
make[1]: Leaving directory '/home/leonor/Desktop/dune/build/CMakeFiles/CMakeTmp'
Makefile:126: recipe for target 'cmTC_a3c56/fast' failed
make: *** [cmTC_a3c56/fast] Error 2

Source file was:

int main(void) {
SECURITY_ATTRIBUTES x;
BOOL xx;
char xxx;

 HANDLE rv = CreateWaitableTimer(&x, xx, &xxx);
return 0;
}

Performing C++ SOURCE FILE Test DUNE_SYS_HAS_GET_MODULE_FILE_NAME failed with the following output:
Change Dir: /home/leonor/Desktop/dune/build/CMakeFiles/CMakeTmp

Run Build Command:"/usr/bin/make" "cmTC_63da0/fast"
/usr/bin/make -f CMakeFiles/cmTC_63da0.dir/build.make CMakeFiles/cmTC_63da0.dir/build
make[1]: Entering directory '/home/leonor/Desktop/dune/build/CMakeFiles/CMakeTmp'
Building CXX object CMakeFiles/cmTC_63da0.dir/src.cxx.o
/usr/bin/c++    -DDUNE_SYS_HAS_GET_MODULE_FILE_NAME -Wall -Wshadow -pedantic   -o CMakeFiles/cmTC_63da0.dir/src.cxx.o -c /home/leonor/Desktop/dune/build/CMakeFiles/CMakeTmp/src.cxx
/home/leonor/Desktop/dune/build/CMakeFiles/CMakeTmp/src.cxx: In function ‘int main()’:
/home/leonor/Desktop/dune/build/CMakeFiles/CMakeTmp/src.cxx:3:1: error: ‘HMODULE’ was not declared in this scope
 HMODULE x;
 ^~~~~~~
/home/leonor/Desktop/dune/build/CMakeFiles/CMakeTmp/src.cxx:4:1: error: ‘LPSTR’ was not declared in this scope
 LPSTR xx;
 ^~~~~
/home/leonor/Desktop/dune/build/CMakeFiles/CMakeTmp/src.cxx:5:1: error: ‘DWORD’ was not declared in this scope
 DWORD xxx;
 ^~~~~
/home/leonor/Desktop/dune/build/CMakeFiles/CMakeTmp/src.cxx:7:8: error: expected ‘;’ before ‘rv’
  DWORD rv = GetModuleFileName(x, xx, xxx);
        ^~
CMakeFiles/cmTC_63da0.dir/build.make:65: recipe for target 'CMakeFiles/cmTC_63da0.dir/src.cxx.o' failed
make[1]: *** [CMakeFiles/cmTC_63da0.dir/src.cxx.o] Error 1
make[1]: Leaving directory '/home/leonor/Desktop/dune/build/CMakeFiles/CMakeTmp'
Makefile:126: recipe for target 'cmTC_63da0/fast' failed
make: *** [cmTC_63da0/fast] Error 2

Source file was:

int main(void) {
HMODULE x;
LPSTR xx;
DWORD xxx;

 DWORD rv = GetModuleFileName(x, xx, xxx);
return 0;
}

Performing C++ SOURCE FILE Test DUNE_SYS_HAS_LOAD_LIBRARY failed with the following output:
Change Dir: /home/leonor/Desktop/dune/build/CMakeFiles/CMakeTmp

Run Build Command:"/usr/bin/make" "cmTC_6e000/fast"
/usr/bin/make -f CMakeFiles/cmTC_6e000.dir/build.make CMakeFiles/cmTC_6e000.dir/build
make[1]: Entering directory '/home/leonor/Desktop/dune/build/CMakeFiles/CMakeTmp'
Building CXX object CMakeFiles/cmTC_6e000.dir/src.cxx.o
/usr/bin/c++    -DDUNE_SYS_HAS_LOAD_LIBRARY -Wall -Wshadow -pedantic   -o CMakeFiles/cmTC_6e000.dir/src.cxx.o -c /home/leonor/Desktop/dune/build/CMakeFiles/CMakeTmp/src.cxx
/home/leonor/Desktop/dune/build/CMakeFiles/CMakeTmp/src.cxx: In function ‘int main()’:
/home/leonor/Desktop/dune/build/CMakeFiles/CMakeTmp/src.cxx:5:2: error: ‘HMODULE’ was not declared in this scope
  HMODULE rv = LoadLibrary(&x);
  ^~~~~~~
/home/leonor/Desktop/dune/build/CMakeFiles/CMakeTmp/src.cxx:3:6: warning: unused variable ‘x’ [-Wunused-variable]
 char x;
      ^
CMakeFiles/cmTC_6e000.dir/build.make:65: recipe for target 'CMakeFiles/cmTC_6e000.dir/src.cxx.o' failed
make[1]: *** [CMakeFiles/cmTC_6e000.dir/src.cxx.o] Error 1
make[1]: Leaving directory '/home/leonor/Desktop/dune/build/CMakeFiles/CMakeTmp'
Makefile:126: recipe for target 'cmTC_6e000/fast' failed
make: *** [cmTC_6e000/fast] Error 2

Source file was:

int main(void) {
char x;

 HMODULE rv = LoadLibrary(&x);
return 0;
}

Performing C++ SOURCE FILE Test DUNE_SYS_HAS_TLS_ALLOC failed with the following output:
Change Dir: /home/leonor/Desktop/dune/build/CMakeFiles/CMakeTmp

Run Build Command:"/usr/bin/make" "cmTC_1efed/fast"
/usr/bin/make -f CMakeFiles/cmTC_1efed.dir/build.make CMakeFiles/cmTC_1efed.dir/build
make[1]: Entering directory '/home/leonor/Desktop/dune/build/CMakeFiles/CMakeTmp'
Building CXX object CMakeFiles/cmTC_1efed.dir/src.cxx.o
/usr/bin/c++    -DDUNE_SYS_HAS_TLS_ALLOC -Wall -Wshadow -pedantic   -o CMakeFiles/cmTC_1efed.dir/src.cxx.o -c /home/leonor/Desktop/dune/build/CMakeFiles/CMakeTmp/src.cxx
/home/leonor/Desktop/dune/build/CMakeFiles/CMakeTmp/src.cxx: In function ‘int main()’:
/home/leonor/Desktop/dune/build/CMakeFiles/CMakeTmp/src.cxx:4:2: error: ‘DWORD’ was not declared in this scope
  DWORD rv = TlsAlloc();
  ^~~~~
CMakeFiles/cmTC_1efed.dir/build.make:65: recipe for target 'CMakeFiles/cmTC_1efed.dir/src.cxx.o' failed
make[1]: *** [CMakeFiles/cmTC_1efed.dir/src.cxx.o] Error 1
make[1]: Leaving directory '/home/leonor/Desktop/dune/build/CMakeFiles/CMakeTmp'
Makefile:126: recipe for target 'cmTC_1efed/fast' failed
make: *** [cmTC_1efed/fast] Error 2

Source file was:

int main(void) {

 DWORD rv = TlsAlloc();
return 0;
}

Performing C++ SOURCE FILE Test DUNE_SYS_HAS_CREATE_DIRECTORY failed with the following output:
Change Dir: /home/leonor/Desktop/dune/build/CMakeFiles/CMakeTmp

Run Build Command:"/usr/bin/make" "cmTC_505b7/fast"
/usr/bin/make -f CMakeFiles/cmTC_505b7.dir/build.make CMakeFiles/cmTC_505b7.dir/build
make[1]: Entering directory '/home/leonor/Desktop/dune/build/CMakeFiles/CMakeTmp'
Building CXX object CMakeFiles/cmTC_505b7.dir/src.cxx.o
/usr/bin/c++    -DDUNE_SYS_HAS_CREATE_DIRECTORY -Wall -Wshadow -pedantic   -o CMakeFiles/cmTC_505b7.dir/src.cxx.o -c /home/leonor/Desktop/dune/build/CMakeFiles/CMakeTmp/src.cxx
/home/leonor/Desktop/dune/build/CMakeFiles/CMakeTmp/src.cxx: In function ‘int main()’:
/home/leonor/Desktop/dune/build/CMakeFiles/CMakeTmp/src.cxx:3:1: error: ‘LPCTSTR’ was not declared in this scope
 LPCTSTR x;
 ^~~~~~~
/home/leonor/Desktop/dune/build/CMakeFiles/CMakeTmp/src.cxx:4:1: error: ‘LPSECURITY_ATTRIBUTES’ was not declared in this scope
 LPSECURITY_ATTRIBUTES xx;
 ^~~~~~~~~~~~~~~~~~~~~
/home/leonor/Desktop/dune/build/CMakeFiles/CMakeTmp/src.cxx:6:2: error: ‘BOOL’ was not declared in this scope
  BOOL rv = CreateDirectory(x, xx);
  ^~~~
CMakeFiles/cmTC_505b7.dir/build.make:65: recipe for target 'CMakeFiles/cmTC_505b7.dir/src.cxx.o' failed
make[1]: *** [CMakeFiles/cmTC_505b7.dir/src.cxx.o] Error 1
make[1]: Leaving directory '/home/leonor/Desktop/dune/build/CMakeFiles/CMakeTmp'
Makefile:126: recipe for target 'cmTC_505b7/fast' failed
make: *** [cmTC_505b7/fast] Error 2

Source file was:

int main(void) {
LPCTSTR x;
LPSECURITY_ATTRIBUTES xx;

 BOOL rv = CreateDirectory(x, xx);
return 0;
}

Performing C++ SOURCE FILE Test DUNE_SYS_HAS_WSA_STARTUP failed with the following output:
Change Dir: /home/leonor/Desktop/dune/build/CMakeFiles/CMakeTmp

Run Build Command:"/usr/bin/make" "cmTC_5f843/fast"
/usr/bin/make -f CMakeFiles/cmTC_5f843.dir/build.make CMakeFiles/cmTC_5f843.dir/build
make[1]: Entering directory '/home/leonor/Desktop/dune/build/CMakeFiles/CMakeTmp'
Building CXX object CMakeFiles/cmTC_5f843.dir/src.cxx.o
/usr/bin/c++    -DDUNE_SYS_HAS_WSA_STARTUP -Wall -Wshadow -pedantic   -o CMakeFiles/cmTC_5f843.dir/src.cxx.o -c /home/leonor/Desktop/dune/build/CMakeFiles/CMakeTmp/src.cxx
/home/leonor/Desktop/dune/build/CMakeFiles/CMakeTmp/src.cxx: In function ‘int main()’:
/home/leonor/Desktop/dune/build/CMakeFiles/CMakeTmp/src.cxx:3:1: error: ‘WORD’ was not declared in this scope
 WORD x;
 ^~~~
/home/leonor/Desktop/dune/build/CMakeFiles/CMakeTmp/src.cxx:4:1: error: ‘WSADATA’ was not declared in this scope
 WSADATA xx;
 ^~~~~~~
/home/leonor/Desktop/dune/build/CMakeFiles/CMakeTmp/src.cxx:6:22: error: ‘x’ was not declared in this scope
  int rv = WSAStartup(x, &xx);
                      ^
/home/leonor/Desktop/dune/build/CMakeFiles/CMakeTmp/src.cxx:6:26: error: ‘xx’ was not declared in this scope
  int rv = WSAStartup(x, &xx);
                          ^~
/home/leonor/Desktop/dune/build/CMakeFiles/CMakeTmp/src.cxx:6:11: error: ‘WSAStartup’ was not declared in this scope
  int rv = WSAStartup(x, &xx);
           ^~~~~~~~~~
/home/leonor/Desktop/dune/build/CMakeFiles/CMakeTmp/src.cxx:6:6: warning: unused variable ‘rv’ [-Wunused-variable]
  int rv = WSAStartup(x, &xx);
      ^~
CMakeFiles/cmTC_5f843.dir/build.make:65: recipe for target 'CMakeFiles/cmTC_5f843.dir/src.cxx.o' failed
make[1]: *** [CMakeFiles/cmTC_5f843.dir/src.cxx.o] Error 1
make[1]: Leaving directory '/home/leonor/Desktop/dune/build/CMakeFiles/CMakeTmp'
Makefile:126: recipe for target 'cmTC_5f843/fast' failed
make: *** [cmTC_5f843/fast] Error 2

Source file was:

int main(void) {
WORD x;
WSADATA xx;

 int rv = WSAStartup(x, &xx);
return 0;
}

Performing C++ SOURCE FILE Test DUNE_SYS_HAS_WSA_CLEANUP failed with the following output:
Change Dir: /home/leonor/Desktop/dune/build/CMakeFiles/CMakeTmp

Run Build Command:"/usr/bin/make" "cmTC_cc2ba/fast"
/usr/bin/make -f CMakeFiles/cmTC_cc2ba.dir/build.make CMakeFiles/cmTC_cc2ba.dir/build
make[1]: Entering directory '/home/leonor/Desktop/dune/build/CMakeFiles/CMakeTmp'
Building CXX object CMakeFiles/cmTC_cc2ba.dir/src.cxx.o
/usr/bin/c++    -DDUNE_SYS_HAS_WSA_CLEANUP -Wall -Wshadow -pedantic   -o CMakeFiles/cmTC_cc2ba.dir/src.cxx.o -c /home/leonor/Desktop/dune/build/CMakeFiles/CMakeTmp/src.cxx
/home/leonor/Desktop/dune/build/CMakeFiles/CMakeTmp/src.cxx: In function ‘int main()’:
/home/leonor/Desktop/dune/build/CMakeFiles/CMakeTmp/src.cxx:4:11: error: ‘WSACleanup’ was not declared in this scope
  int rv = WSACleanup();
           ^~~~~~~~~~
/home/leonor/Desktop/dune/build/CMakeFiles/CMakeTmp/src.cxx:4:6: warning: unused variable ‘rv’ [-Wunused-variable]
  int rv = WSACleanup();
      ^~
CMakeFiles/cmTC_cc2ba.dir/build.make:65: recipe for target 'CMakeFiles/cmTC_cc2ba.dir/src.cxx.o' failed
make[1]: *** [CMakeFiles/cmTC_cc2ba.dir/src.cxx.o] Error 1
make[1]: Leaving directory '/home/leonor/Desktop/dune/build/CMakeFiles/CMakeTmp'
Makefile:126: recipe for target 'cmTC_cc2ba/fast' failed
make: *** [cmTC_cc2ba/fast] Error 2

Source file was:

int main(void) {

 int rv = WSACleanup();
return 0;
}

Performing C++ SOURCE FILE Test DUNE_SYS_HAS_WSA_STRING_TO_ADDRESS failed with the following output:
Change Dir: /home/leonor/Desktop/dune/build/CMakeFiles/CMakeTmp

Run Build Command:"/usr/bin/make" "cmTC_9c2e0/fast"
/usr/bin/make -f CMakeFiles/cmTC_9c2e0.dir/build.make CMakeFiles/cmTC_9c2e0.dir/build
make[1]: Entering directory '/home/leonor/Desktop/dune/build/CMakeFiles/CMakeTmp'
Building CXX object CMakeFiles/cmTC_9c2e0.dir/src.cxx.o
/usr/bin/c++    -DDUNE_SYS_HAS_WSA_STRING_TO_ADDRESS -Wall -Wshadow -pedantic   -o CMakeFiles/cmTC_9c2e0.dir/src.cxx.o -c /home/leonor/Desktop/dune/build/CMakeFiles/CMakeTmp/src.cxx
/home/leonor/Desktop/dune/build/CMakeFiles/CMakeTmp/src.cxx: In function ‘int main()’:
/home/leonor/Desktop/dune/build/CMakeFiles/CMakeTmp/src.cxx:5:1: error: ‘WSAPROTOCOL_INFO’ was not declared in this scope
 WSAPROTOCOL_INFO xxx;
 ^~~~~~~~~~~~~~~~
/home/leonor/Desktop/dune/build/CMakeFiles/CMakeTmp/src.cxx:6:1: error: ‘SOCKADDR’ was not declared in this scope
 SOCKADDR xxxx;
 ^~~~~~~~
/home/leonor/Desktop/dune/build/CMakeFiles/CMakeTmp/src.cxx:9:39: error: ‘xxx’ was not declared in this scope
  int rv = WSAStringToAddress(&x, xx, &xxx, &xxxx, &xxxxx);
                                       ^~~
/home/leonor/Desktop/dune/build/CMakeFiles/CMakeTmp/src.cxx:9:39: note: suggested alternative: ‘xx’
  int rv = WSAStringToAddress(&x, xx, &xxx, &xxxx, &xxxxx);
                                       ^~~
                                       xx
/home/leonor/Desktop/dune/build/CMakeFiles/CMakeTmp/src.cxx:9:45: error: ‘xxxx’ was not declared in this scope
  int rv = WSAStringToAddress(&x, xx, &xxx, &xxxx, &xxxxx);
                                             ^~~~
/home/leonor/Desktop/dune/build/CMakeFiles/CMakeTmp/src.cxx:9:45: note: suggested alternative: ‘xxxxx’
  int rv = WSAStringToAddress(&x, xx, &xxx, &xxxx, &xxxxx);
                                             ^~~~
                                             xxxxx
/home/leonor/Desktop/dune/build/CMakeFiles/CMakeTmp/src.cxx:9:11: error: ‘WSAStringToAddress’ was not declared in this scope
  int rv = WSAStringToAddress(&x, xx, &xxx, &xxxx, &xxxxx);
           ^~~~~~~~~~~~~~~~~~
/home/leonor/Desktop/dune/build/CMakeFiles/CMakeTmp/src.cxx:9:6: warning: unused variable ‘rv’ [-Wunused-variable]
  int rv = WSAStringToAddress(&x, xx, &xxx, &xxxx, &xxxxx);
      ^~
CMakeFiles/cmTC_9c2e0.dir/build.make:65: recipe for target 'CMakeFiles/cmTC_9c2e0.dir/src.cxx.o' failed
make[1]: *** [CMakeFiles/cmTC_9c2e0.dir/src.cxx.o] Error 1
make[1]: Leaving directory '/home/leonor/Desktop/dune/build/CMakeFiles/CMakeTmp'
Makefile:126: recipe for target 'cmTC_9c2e0/fast' failed
make: *** [cmTC_9c2e0/fast] Error 2

Source file was:

int main(void) {
char x;
int xx;
WSAPROTOCOL_INFO xxx;
SOCKADDR xxxx;
int xxxxx;

 int rv = WSAStringToAddress(&x, xx, &xxx, &xxxx, &xxxxx);
return 0;
}

Performing C++ SOURCE FILE Test DUNE_SYS_HAS_WSA_IOCTL failed with the following output:
Change Dir: /home/leonor/Desktop/dune/build/CMakeFiles/CMakeTmp

Run Build Command:"/usr/bin/make" "cmTC_b7ba2/fast"
/usr/bin/make -f CMakeFiles/cmTC_b7ba2.dir/build.make CMakeFiles/cmTC_b7ba2.dir/build
make[1]: Entering directory '/home/leonor/Desktop/dune/build/CMakeFiles/CMakeTmp'
Building CXX object CMakeFiles/cmTC_b7ba2.dir/src.cxx.o
/usr/bin/c++    -DDUNE_SYS_HAS_WSA_IOCTL -Wall -Wshadow -pedantic   -o CMakeFiles/cmTC_b7ba2.dir/src.cxx.o -c /home/leonor/Desktop/dune/build/CMakeFiles/CMakeTmp/src.cxx
/home/leonor/Desktop/dune/build/CMakeFiles/CMakeTmp/src.cxx: In function ‘int main()’:
/home/leonor/Desktop/dune/build/CMakeFiles/CMakeTmp/src.cxx:3:1: error: ‘SOCKET’ was not declared in this scope
 SOCKET x;
 ^~~~~~
/home/leonor/Desktop/dune/build/CMakeFiles/CMakeTmp/src.cxx:4:1: error: ‘DWORD’ was not declared in this scope
 DWORD xx;
 ^~~~~
/home/leonor/Desktop/dune/build/CMakeFiles/CMakeTmp/src.cxx:6:7: error: expected ‘;’ before ‘xxxx’
 DWORD xxxx;
       ^~~~
/home/leonor/Desktop/dune/build/CMakeFiles/CMakeTmp/src.cxx:8:7: error: expected ‘;’ before ‘xxxxxx’
 DWORD xxxxxx;
       ^~~~~~
/home/leonor/Desktop/dune/build/CMakeFiles/CMakeTmp/src.cxx:9:1: error: ‘LPDWORD’ was not declared in this scope
 LPDWORD xxxxxxx;
 ^~~~~~~
/home/leonor/Desktop/dune/build/CMakeFiles/CMakeTmp/src.cxx:10:1: error: ‘LPWSAOVERLAPPED’ was not declared in this scope
 LPWSAOVERLAPPED xxxxxxxx;
 ^~~~~~~~~~~~~~~
/home/leonor/Desktop/dune/build/CMakeFiles/CMakeTmp/src.cxx:11:1: error: ‘LPWSAOVERLAPPED_COMPLETION_ROUTINE’ was not declared in this scope
 LPWSAOVERLAPPED_COMPLETION_ROUTINE xxxxxxxxx;
 ^~~~~~~~~~~~~~~~~~~~~~~~~~~~~~~~~~
/home/leonor/Desktop/dune/build/CMakeFiles/CMakeTmp/src.cxx:13:20: error: ‘x’ was not declared in this scope
  int rv = WSAIoctl(x, xx, &xxx, xxxx, &xxxxx, xxxxxx, xxxxxxx, xxxxxxxx, xxxxxxxxx);
                    ^
/home/leonor/Desktop/dune/build/CMakeFiles/CMakeTmp/src.cxx:13:23: error: ‘xx’ was not declared in this scope
  int rv = WSAIoctl(x, xx, &xxx, xxxx, &xxxxx, xxxxxx, xxxxxxx, xxxxxxxx, xxxxxxxxx);
                       ^~
/home/leonor/Desktop/dune/build/CMakeFiles/CMakeTmp/src.cxx:13:23: note: suggested alternative: ‘xxx’
  int rv = WSAIoctl(x, xx, &xxx, xxxx, &xxxxx, xxxxxx, xxxxxxx, xxxxxxxx, xxxxxxxxx);
                       ^~
                       xxx
/home/leonor/Desktop/dune/build/CMakeFiles/CMakeTmp/src.cxx:13:33: error: ‘xxxx’ was not declared in this scope
  int rv = WSAIoctl(x, xx, &xxx, xxxx, &xxxxx, xxxxxx, xxxxxxx, xxxxxxxx, xxxxxxxxx);
                                 ^~~~
/home/leonor/Desktop/dune/build/CMakeFiles/CMakeTmp/src.cxx:13:33: note: suggested alternative: ‘xxxxx’
  int rv = WSAIoctl(x, xx, &xxx, xxxx, &xxxxx, xxxxxx, xxxxxxx, xxxxxxxx, xxxxxxxxx);
                                 ^~~~
                                 xxxxx
/home/leonor/Desktop/dune/build/CMakeFiles/CMakeTmp/src.cxx:13:47: error: ‘xxxxxx’ was not declared in this scope
  int rv = WSAIoctl(x, xx, &xxx, xxxx, &xxxxx, xxxxxx, xxxxxxx, xxxxxxxx, xxxxxxxxx);
                                               ^~~~~~
/home/leonor/Desktop/dune/build/CMakeFiles/CMakeTmp/src.cxx:13:47: note: suggested alternative: ‘xxxxx’
  int rv = WSAIoctl(x, xx, &xxx, xxxx, &xxxxx, xxxxxx, xxxxxxx, xxxxxxxx, xxxxxxxxx);
                                               ^~~~~~
                                               xxxxx
/home/leonor/Desktop/dune/build/CMakeFiles/CMakeTmp/src.cxx:13:55: error: ‘xxxxxxx’ was not declared in this scope
  int rv = WSAIoctl(x, xx, &xxx, xxxx, &xxxxx, xxxxxx, xxxxxxx, xxxxxxxx, xxxxxxxxx);
                                                       ^~~~~~~
/home/leonor/Desktop/dune/build/CMakeFiles/CMakeTmp/src.cxx:13:55: note: suggested alternative: ‘xxxxx’
  int rv = WSAIoctl(x, xx, &xxx, xxxx, &xxxxx, xxxxxx, xxxxxxx, xxxxxxxx, xxxxxxxxx);
                                                       ^~~~~~~
                                                       xxxxx
/home/leonor/Desktop/dune/build/CMakeFiles/CMakeTmp/src.cxx:13:64: error: ‘xxxxxxxx’ was not declared in this scope
  int rv = WSAIoctl(x, xx, &xxx, xxxx, &xxxxx, xxxxxx, xxxxxxx, xxxxxxxx, xxxxxxxxx);
                                                                ^~~~~~~~
/home/leonor/Desktop/dune/build/CMakeFiles/CMakeTmp/src.cxx:13:64: note: suggested alternative: ‘xxxxx’
  int rv = WSAIoctl(x, xx, &xxx, xxxx, &xxxxx, xxxxxx, xxxxxxx, xxxxxxxx, xxxxxxxxx);
                                                                ^~~~~~~~
                                                                xxxxx
/home/leonor/Desktop/dune/build/CMakeFiles/CMakeTmp/src.cxx:13:74: error: ‘xxxxxxxxx’ was not declared in this scope
  int rv = WSAIoctl(x, xx, &xxx, xxxx, &xxxxx, xxxxxx, xxxxxxx, xxxxxxxx, xxxxxxxxx);
                                                                          ^~~~~~~~~
/home/leonor/Desktop/dune/build/CMakeFiles/CMakeTmp/src.cxx:13:74: note: suggested alternative: ‘xxxxx’
  int rv = WSAIoctl(x, xx, &xxx, xxxx, &xxxxx, xxxxxx, xxxxxxx, xxxxxxxx, xxxxxxxxx);
                                                                          ^~~~~~~~~
                                                                          xxxxx
/home/leonor/Desktop/dune/build/CMakeFiles/CMakeTmp/src.cxx:13:11: error: ‘WSAIoctl’ was not declared in this scope
  int rv = WSAIoctl(x, xx, &xxx, xxxx, &xxxxx, xxxxxx, xxxxxxx, xxxxxxxx, xxxxxxxxx);
           ^~~~~~~~
/home/leonor/Desktop/dune/build/CMakeFiles/CMakeTmp/src.cxx:13:6: warning: unused variable ‘rv’ [-Wunused-variable]
  int rv = WSAIoctl(x, xx, &xxx, xxxx, &xxxxx, xxxxxx, xxxxxxx, xxxxxxxx, xxxxxxxxx);
      ^~
CMakeFiles/cmTC_b7ba2.dir/build.make:65: recipe for target 'CMakeFiles/cmTC_b7ba2.dir/src.cxx.o' failed
make[1]: *** [CMakeFiles/cmTC_b7ba2.dir/src.cxx.o] Error 1
make[1]: Leaving directory '/home/leonor/Desktop/dune/build/CMakeFiles/CMakeTmp'
Makefile:126: recipe for target 'cmTC_b7ba2/fast' failed
make: *** [cmTC_b7ba2/fast] Error 2

Source file was:

int main(void) {
SOCKET x;
DWORD xx;
char xxx;
DWORD xxxx;
char xxxxx;
DWORD xxxxxx;
LPDWORD xxxxxxx;
LPWSAOVERLAPPED xxxxxxxx;
LPWSAOVERLAPPED_COMPLETION_ROUTINE xxxxxxxxx;

 int rv = WSAIoctl(x, xx, &xxx, xxxx, &xxxxx, xxxxxx, xxxxxxx, xxxxxxxx, xxxxxxxxx);
return 0;
}

Performing C++ SOURCE FILE Test DUNE_SYS_HAS_POSIX_STRERROR_R failed with the following output:
Change Dir: /home/leonor/Desktop/dune/build/CMakeFiles/CMakeTmp

Run Build Command:"/usr/bin/make" "cmTC_e6e84/fast"
/usr/bin/make -f CMakeFiles/cmTC_e6e84.dir/build.make CMakeFiles/cmTC_e6e84.dir/build
make[1]: Entering directory '/home/leonor/Desktop/dune/build/CMakeFiles/CMakeTmp'
Building CXX object CMakeFiles/cmTC_e6e84.dir/src.cxx.o
/usr/bin/c++    -DDUNE_SYS_HAS_POSIX_STRERROR_R -Wall -Wshadow -pedantic   -o CMakeFiles/cmTC_e6e84.dir/src.cxx.o -c /home/leonor/Desktop/dune/build/CMakeFiles/CMakeTmp/src.cxx
/home/leonor/Desktop/dune/build/CMakeFiles/CMakeTmp/src.cxx: In function ‘int main()’:
/home/leonor/Desktop/dune/build/CMakeFiles/CMakeTmp/src.cxx:9:21: error: invalid conversion from ‘char*’ to ‘int’ [-fpermissive]
  int rv = strerror_r(x, &xx, xxx);
           ~~~~~~~~~~^~~~~~~~~~~~~
/home/leonor/Desktop/dune/build/CMakeFiles/CMakeTmp/src.cxx:9:6: warning: unused variable ‘rv’ [-Wunused-variable]
  int rv = strerror_r(x, &xx, xxx);
      ^~
CMakeFiles/cmTC_e6e84.dir/build.make:65: recipe for target 'CMakeFiles/cmTC_e6e84.dir/src.cxx.o' failed
make[1]: *** [CMakeFiles/cmTC_e6e84.dir/src.cxx.o] Error 1
make[1]: Leaving directory '/home/leonor/Desktop/dune/build/CMakeFiles/CMakeTmp'
Makefile:126: recipe for target 'cmTC_e6e84/fast' failed
make: *** [cmTC_e6e84/fast] Error 2

Source file was:
#include <cstring>
#include <string.h>

int main(void) {
int x;
char xx;
size_t xxx;

 int rv = strerror_r(x, &xx, xxx);
return 0;
}

Performing C++ SOURCE FILE Test DUNE_SYS_HAS_CREATE_FILE failed with the following output:
Change Dir: /home/leonor/Desktop/dune/build/CMakeFiles/CMakeTmp

Run Build Command:"/usr/bin/make" "cmTC_bfdbd/fast"
/usr/bin/make -f CMakeFiles/cmTC_bfdbd.dir/build.make CMakeFiles/cmTC_bfdbd.dir/build
make[1]: Entering directory '/home/leonor/Desktop/dune/build/CMakeFiles/CMakeTmp'
Building CXX object CMakeFiles/cmTC_bfdbd.dir/src.cxx.o
/usr/bin/c++    -DDUNE_SYS_HAS_CREATE_FILE -Wall -Wshadow -pedantic   -o CMakeFiles/cmTC_bfdbd.dir/src.cxx.o -c /home/leonor/Desktop/dune/build/CMakeFiles/CMakeTmp/src.cxx
/home/leonor/Desktop/dune/build/CMakeFiles/CMakeTmp/src.cxx: In function ‘int main()’:
/home/leonor/Desktop/dune/build/CMakeFiles/CMakeTmp/src.cxx:3:1: error: ‘LPCSTR’ was not declared in this scope
 LPCSTR x;
 ^~~~~~
/home/leonor/Desktop/dune/build/CMakeFiles/CMakeTmp/src.cxx:4:1: error: ‘DWORD’ was not declared in this scope
 DWORD xx;
 ^~~~~
/home/leonor/Desktop/dune/build/CMakeFiles/CMakeTmp/src.cxx:5:7: error: expected ‘;’ before ‘xxx’
 DWORD xxx;
       ^~~
/home/leonor/Desktop/dune/build/CMakeFiles/CMakeTmp/src.cxx:6:1: error: ‘SECURITY_ATTRIBUTES’ was not declared in this scope
 SECURITY_ATTRIBUTES xxxx;
 ^~~~~~~~~~~~~~~~~~~
/home/leonor/Desktop/dune/build/CMakeFiles/CMakeTmp/src.cxx:7:7: error: expected ‘;’ before ‘xxxxx’
 DWORD xxxxx;
       ^~~~~
/home/leonor/Desktop/dune/build/CMakeFiles/CMakeTmp/src.cxx:8:7: error: expected ‘;’ before ‘xxxxxx’
 DWORD xxxxxx;
       ^~~~~~
/home/leonor/Desktop/dune/build/CMakeFiles/CMakeTmp/src.cxx:9:1: error: ‘HANDLE’ was not declared in this scope
 HANDLE xxxxxxx;
 ^~~~~~
/home/leonor/Desktop/dune/build/CMakeFiles/CMakeTmp/src.cxx:11:9: error: expected ‘;’ before ‘rv’
  HANDLE rv = CreateFile(x, xx, xxx, &xxxx, xxxxx, xxxxxx, xxxxxxx);
         ^~
CMakeFiles/cmTC_bfdbd.dir/build.make:65: recipe for target 'CMakeFiles/cmTC_bfdbd.dir/src.cxx.o' failed
make[1]: *** [CMakeFiles/cmTC_bfdbd.dir/src.cxx.o] Error 1
make[1]: Leaving directory '/home/leonor/Desktop/dune/build/CMakeFiles/CMakeTmp'
Makefile:126: recipe for target 'cmTC_bfdbd/fast' failed
make: *** [cmTC_bfdbd/fast] Error 2

Source file was:

int main(void) {
LPCSTR x;
DWORD xx;
DWORD xxx;
SECURITY_ATTRIBUTES xxxx;
DWORD xxxxx;
DWORD xxxxxx;
HANDLE xxxxxxx;

 HANDLE rv = CreateFile(x, xx, xxx, &xxxx, xxxxx, xxxxxx, xxxxxxx);
return 0;
}

Performing C++ SOURCE FILE Test DUNE_SYS_HAS_READ_FILE failed with the following output:
Change Dir: /home/leonor/Desktop/dune/build/CMakeFiles/CMakeTmp

Run Build Command:"/usr/bin/make" "cmTC_a17e2/fast"
/usr/bin/make -f CMakeFiles/cmTC_a17e2.dir/build.make CMakeFiles/cmTC_a17e2.dir/build
make[1]: Entering directory '/home/leonor/Desktop/dune/build/CMakeFiles/CMakeTmp'
Building CXX object CMakeFiles/cmTC_a17e2.dir/src.cxx.o
/usr/bin/c++    -DDUNE_SYS_HAS_READ_FILE -Wall -Wshadow -pedantic   -o CMakeFiles/cmTC_a17e2.dir/src.cxx.o -c /home/leonor/Desktop/dune/build/CMakeFiles/CMakeTmp/src.cxx
/home/leonor/Desktop/dune/build/CMakeFiles/CMakeTmp/src.cxx: In function ‘int main()’:
/home/leonor/Desktop/dune/build/CMakeFiles/CMakeTmp/src.cxx:3:1: error: ‘HANDLE’ was not declared in this scope
 HANDLE x;
 ^~~~~~
/home/leonor/Desktop/dune/build/CMakeFiles/CMakeTmp/src.cxx:4:1: error: ‘LPVOID’ was not declared in this scope
 LPVOID xx;
 ^~~~~~
/home/leonor/Desktop/dune/build/CMakeFiles/CMakeTmp/src.cxx:5:1: error: ‘DWORD’ was not declared in this scope
 DWORD xxx;
 ^~~~~
/home/leonor/Desktop/dune/build/CMakeFiles/CMakeTmp/src.cxx:6:7: error: expected ‘;’ before ‘xxxx’
 DWORD xxxx;
       ^~~~
/home/leonor/Desktop/dune/build/CMakeFiles/CMakeTmp/src.cxx:7:1: error: ‘OVERLAPPED’ was not declared in this scope
 OVERLAPPED xxxxx;
 ^~~~~~~~~~
/home/leonor/Desktop/dune/build/CMakeFiles/CMakeTmp/src.cxx:9:2: error: ‘BOOL’ was not declared in this scope
  BOOL rv = ReadFile(x, xx, xxx, &xxxx, &xxxxx);
  ^~~~
CMakeFiles/cmTC_a17e2.dir/build.make:65: recipe for target 'CMakeFiles/cmTC_a17e2.dir/src.cxx.o' failed
make[1]: *** [CMakeFiles/cmTC_a17e2.dir/src.cxx.o] Error 1
make[1]: Leaving directory '/home/leonor/Desktop/dune/build/CMakeFiles/CMakeTmp'
Makefile:126: recipe for target 'cmTC_a17e2/fast' failed
make: *** [cmTC_a17e2/fast] Error 2

Source file was:

int main(void) {
HANDLE x;
LPVOID xx;
DWORD xxx;
DWORD xxxx;
OVERLAPPED xxxxx;

 BOOL rv = ReadFile(x, xx, xxx, &xxxx, &xxxxx);
return 0;
}

Performing C++ SOURCE FILE Test DUNE_SYS_HAS_WRITE_FILE failed with the following output:
Change Dir: /home/leonor/Desktop/dune/build/CMakeFiles/CMakeTmp

Run Build Command:"/usr/bin/make" "cmTC_54724/fast"
/usr/bin/make -f CMakeFiles/cmTC_54724.dir/build.make CMakeFiles/cmTC_54724.dir/build
make[1]: Entering directory '/home/leonor/Desktop/dune/build/CMakeFiles/CMakeTmp'
Building CXX object CMakeFiles/cmTC_54724.dir/src.cxx.o
/usr/bin/c++    -DDUNE_SYS_HAS_WRITE_FILE -Wall -Wshadow -pedantic   -o CMakeFiles/cmTC_54724.dir/src.cxx.o -c /home/leonor/Desktop/dune/build/CMakeFiles/CMakeTmp/src.cxx
/home/leonor/Desktop/dune/build/CMakeFiles/CMakeTmp/src.cxx: In function ‘int main()’:
/home/leonor/Desktop/dune/build/CMakeFiles/CMakeTmp/src.cxx:3:1: error: ‘HANDLE’ was not declared in this scope
 HANDLE x;
 ^~~~~~
/home/leonor/Desktop/dune/build/CMakeFiles/CMakeTmp/src.cxx:4:1: error: ‘LPCVOID’ was not declared in this scope
 LPCVOID xx;
 ^~~~~~~
/home/leonor/Desktop/dune/build/CMakeFiles/CMakeTmp/src.cxx:5:1: error: ‘DWORD’ was not declared in this scope
 DWORD xxx;
 ^~~~~
/home/leonor/Desktop/dune/build/CMakeFiles/CMakeTmp/src.cxx:6:7: error: expected ‘;’ before ‘xxxx’
 DWORD xxxx;
       ^~~~
/home/leonor/Desktop/dune/build/CMakeFiles/CMakeTmp/src.cxx:7:1: error: ‘OVERLAPPED’ was not declared in this scope
 OVERLAPPED xxxxx;
 ^~~~~~~~~~
/home/leonor/Desktop/dune/build/CMakeFiles/CMakeTmp/src.cxx:9:2: error: ‘BOOL’ was not declared in this scope
  BOOL rv = WriteFile(x, xx, xxx, &xxxx, &xxxxx);
  ^~~~
CMakeFiles/cmTC_54724.dir/build.make:65: recipe for target 'CMakeFiles/cmTC_54724.dir/src.cxx.o' failed
make[1]: *** [CMakeFiles/cmTC_54724.dir/src.cxx.o] Error 1
make[1]: Leaving directory '/home/leonor/Desktop/dune/build/CMakeFiles/CMakeTmp'
Makefile:126: recipe for target 'cmTC_54724/fast' failed
make: *** [cmTC_54724/fast] Error 2

Source file was:

int main(void) {
HANDLE x;
LPCVOID xx;
DWORD xxx;
DWORD xxxx;
OVERLAPPED xxxxx;

 BOOL rv = WriteFile(x, xx, xxx, &xxxx, &xxxxx);
return 0;
}

Performing C++ SOURCE FILE Test DUNE_SYS_HAS_GET_OVERLAPPED_RESULT failed with the following output:
Change Dir: /home/leonor/Desktop/dune/build/CMakeFiles/CMakeTmp

Run Build Command:"/usr/bin/make" "cmTC_60f5c/fast"
/usr/bin/make -f CMakeFiles/cmTC_60f5c.dir/build.make CMakeFiles/cmTC_60f5c.dir/build
make[1]: Entering directory '/home/leonor/Desktop/dune/build/CMakeFiles/CMakeTmp'
Building CXX object CMakeFiles/cmTC_60f5c.dir/src.cxx.o
/usr/bin/c++    -DDUNE_SYS_HAS_GET_OVERLAPPED_RESULT -Wall -Wshadow -pedantic   -o CMakeFiles/cmTC_60f5c.dir/src.cxx.o -c /home/leonor/Desktop/dune/build/CMakeFiles/CMakeTmp/src.cxx
/home/leonor/Desktop/dune/build/CMakeFiles/CMakeTmp/src.cxx: In function ‘int main()’:
/home/leonor/Desktop/dune/build/CMakeFiles/CMakeTmp/src.cxx:3:1: error: ‘HANDLE’ was not declared in this scope
 HANDLE x;
 ^~~~~~
/home/leonor/Desktop/dune/build/CMakeFiles/CMakeTmp/src.cxx:4:1: error: ‘OVERLAPPED’ was not declared in this scope
 OVERLAPPED xx;
 ^~~~~~~~~~
/home/leonor/Desktop/dune/build/CMakeFiles/CMakeTmp/src.cxx:5:1: error: ‘DWORD’ was not declared in this scope
 DWORD xxx;
 ^~~~~
/home/leonor/Desktop/dune/build/CMakeFiles/CMakeTmp/src.cxx:6:1: error: ‘BOOL’ was not declared in this scope
 BOOL xxxx;
 ^~~~
/home/leonor/Desktop/dune/build/CMakeFiles/CMakeTmp/src.cxx:8:7: error: expected ‘;’ before ‘rv’
  BOOL rv = GetOverlappedResult(x, &xx, &xxx, xxxx);
       ^~
CMakeFiles/cmTC_60f5c.dir/build.make:65: recipe for target 'CMakeFiles/cmTC_60f5c.dir/src.cxx.o' failed
make[1]: *** [CMakeFiles/cmTC_60f5c.dir/src.cxx.o] Error 1
make[1]: Leaving directory '/home/leonor/Desktop/dune/build/CMakeFiles/CMakeTmp'
Makefile:126: recipe for target 'cmTC_60f5c/fast' failed
make: *** [cmTC_60f5c/fast] Error 2

Source file was:

int main(void) {
HANDLE x;
OVERLAPPED xx;
DWORD xxx;
BOOL xxxx;

 BOOL rv = GetOverlappedResult(x, &xx, &xxx, xxxx);
return 0;
}

Performing C++ SOURCE FILE Test DUNE_SYS_HAS_SET_COMM_STATE failed with the following output:
Change Dir: /home/leonor/Desktop/dune/build/CMakeFiles/CMakeTmp

Run Build Command:"/usr/bin/make" "cmTC_1fc3d/fast"
/usr/bin/make -f CMakeFiles/cmTC_1fc3d.dir/build.make CMakeFiles/cmTC_1fc3d.dir/build
make[1]: Entering directory '/home/leonor/Desktop/dune/build/CMakeFiles/CMakeTmp'
Building CXX object CMakeFiles/cmTC_1fc3d.dir/src.cxx.o
/usr/bin/c++    -DDUNE_SYS_HAS_SET_COMM_STATE -Wall -Wshadow -pedantic   -o CMakeFiles/cmTC_1fc3d.dir/src.cxx.o -c /home/leonor/Desktop/dune/build/CMakeFiles/CMakeTmp/src.cxx
/home/leonor/Desktop/dune/build/CMakeFiles/CMakeTmp/src.cxx: In function ‘int main()’:
/home/leonor/Desktop/dune/build/CMakeFiles/CMakeTmp/src.cxx:3:1: error: ‘HANDLE’ was not declared in this scope
 HANDLE x;
 ^~~~~~
/home/leonor/Desktop/dune/build/CMakeFiles/CMakeTmp/src.cxx:4:1: error: ‘DCB’ was not declared in this scope
 DCB xx;
 ^~~
/home/leonor/Desktop/dune/build/CMakeFiles/CMakeTmp/src.cxx:6:2: error: ‘BOOL’ was not declared in this scope
  BOOL rv = SetCommState(x, &xx);
  ^~~~
CMakeFiles/cmTC_1fc3d.dir/build.make:65: recipe for target 'CMakeFiles/cmTC_1fc3d.dir/src.cxx.o' failed
make[1]: *** [CMakeFiles/cmTC_1fc3d.dir/src.cxx.o] Error 1
make[1]: Leaving directory '/home/leonor/Desktop/dune/build/CMakeFiles/CMakeTmp'
Makefile:126: recipe for target 'cmTC_1fc3d/fast' failed
make: *** [cmTC_1fc3d/fast] Error 2

Source file was:

int main(void) {
HANDLE x;
DCB xx;

 BOOL rv = SetCommState(x, &xx);
return 0;
}

Performing C++ SOURCE FILE Test DUNE_SYS_HAS_GET_COMM_STATE failed with the following output:
Change Dir: /home/leonor/Desktop/dune/build/CMakeFiles/CMakeTmp

Run Build Command:"/usr/bin/make" "cmTC_014ec/fast"
/usr/bin/make -f CMakeFiles/cmTC_014ec.dir/build.make CMakeFiles/cmTC_014ec.dir/build
make[1]: Entering directory '/home/leonor/Desktop/dune/build/CMakeFiles/CMakeTmp'
Building CXX object CMakeFiles/cmTC_014ec.dir/src.cxx.o
/usr/bin/c++    -DDUNE_SYS_HAS_GET_COMM_STATE -Wall -Wshadow -pedantic   -o CMakeFiles/cmTC_014ec.dir/src.cxx.o -c /home/leonor/Desktop/dune/build/CMakeFiles/CMakeTmp/src.cxx
/home/leonor/Desktop/dune/build/CMakeFiles/CMakeTmp/src.cxx: In function ‘int main()’:
/home/leonor/Desktop/dune/build/CMakeFiles/CMakeTmp/src.cxx:3:1: error: ‘HANDLE’ was not declared in this scope
 HANDLE x;
 ^~~~~~
/home/leonor/Desktop/dune/build/CMakeFiles/CMakeTmp/src.cxx:4:1: error: ‘DCB’ was not declared in this scope
 DCB xx;
 ^~~
/home/leonor/Desktop/dune/build/CMakeFiles/CMakeTmp/src.cxx:6:2: error: ‘BOOL’ was not declared in this scope
  BOOL rv = GetCommState(x, &xx);
  ^~~~
CMakeFiles/cmTC_014ec.dir/build.make:65: recipe for target 'CMakeFiles/cmTC_014ec.dir/src.cxx.o' failed
make[1]: *** [CMakeFiles/cmTC_014ec.dir/src.cxx.o] Error 1
make[1]: Leaving directory '/home/leonor/Desktop/dune/build/CMakeFiles/CMakeTmp'
Makefile:126: recipe for target 'cmTC_014ec/fast' failed
make: *** [cmTC_014ec/fast] Error 2

Source file was:

int main(void) {
HANDLE x;
DCB xx;

 BOOL rv = GetCommState(x, &xx);
return 0;
}

Performing C++ SOURCE FILE Test DUNE_SYS_HAS_SET_COMM_MASK failed with the following output:
Change Dir: /home/leonor/Desktop/dune/build/CMakeFiles/CMakeTmp

Run Build Command:"/usr/bin/make" "cmTC_1d9e2/fast"
/usr/bin/make -f CMakeFiles/cmTC_1d9e2.dir/build.make CMakeFiles/cmTC_1d9e2.dir/build
make[1]: Entering directory '/home/leonor/Desktop/dune/build/CMakeFiles/CMakeTmp'
Building CXX object CMakeFiles/cmTC_1d9e2.dir/src.cxx.o
/usr/bin/c++    -DDUNE_SYS_HAS_SET_COMM_MASK -Wall -Wshadow -pedantic   -o CMakeFiles/cmTC_1d9e2.dir/src.cxx.o -c /home/leonor/Desktop/dune/build/CMakeFiles/CMakeTmp/src.cxx
/home/leonor/Desktop/dune/build/CMakeFiles/CMakeTmp/src.cxx: In function ‘int main()’:
/home/leonor/Desktop/dune/build/CMakeFiles/CMakeTmp/src.cxx:3:1: error: ‘HANDLE’ was not declared in this scope
 HANDLE x;
 ^~~~~~
/home/leonor/Desktop/dune/build/CMakeFiles/CMakeTmp/src.cxx:4:1: error: ‘DWORD’ was not declared in this scope
 DWORD xx;
 ^~~~~
/home/leonor/Desktop/dune/build/CMakeFiles/CMakeTmp/src.cxx:6:2: error: ‘BOOL’ was not declared in this scope
  BOOL rv = SetCommMask(x, xx);
  ^~~~
CMakeFiles/cmTC_1d9e2.dir/build.make:65: recipe for target 'CMakeFiles/cmTC_1d9e2.dir/src.cxx.o' failed
make[1]: *** [CMakeFiles/cmTC_1d9e2.dir/src.cxx.o] Error 1
make[1]: Leaving directory '/home/leonor/Desktop/dune/build/CMakeFiles/CMakeTmp'
Makefile:126: recipe for target 'cmTC_1d9e2/fast' failed
make: *** [cmTC_1d9e2/fast] Error 2

Source file was:

int main(void) {
HANDLE x;
DWORD xx;

 BOOL rv = SetCommMask(x, xx);
return 0;
}

Performing C++ SOURCE FILE Test DUNE_SYS_HAS_PURGE_COMM failed with the following output:
Change Dir: /home/leonor/Desktop/dune/build/CMakeFiles/CMakeTmp

Run Build Command:"/usr/bin/make" "cmTC_cb939/fast"
/usr/bin/make -f CMakeFiles/cmTC_cb939.dir/build.make CMakeFiles/cmTC_cb939.dir/build
make[1]: Entering directory '/home/leonor/Desktop/dune/build/CMakeFiles/CMakeTmp'
Building CXX object CMakeFiles/cmTC_cb939.dir/src.cxx.o
/usr/bin/c++    -DDUNE_SYS_HAS_PURGE_COMM -Wall -Wshadow -pedantic   -o CMakeFiles/cmTC_cb939.dir/src.cxx.o -c /home/leonor/Desktop/dune/build/CMakeFiles/CMakeTmp/src.cxx
/home/leonor/Desktop/dune/build/CMakeFiles/CMakeTmp/src.cxx: In function ‘int main()’:
/home/leonor/Desktop/dune/build/CMakeFiles/CMakeTmp/src.cxx:3:1: error: ‘HANDLE’ was not declared in this scope
 HANDLE x;
 ^~~~~~
/home/leonor/Desktop/dune/build/CMakeFiles/CMakeTmp/src.cxx:4:1: error: ‘DWORD’ was not declared in this scope
 DWORD xx;
 ^~~~~
/home/leonor/Desktop/dune/build/CMakeFiles/CMakeTmp/src.cxx:6:2: error: ‘BOOL’ was not declared in this scope
  BOOL rv = PurgeComm(x, xx);
  ^~~~
CMakeFiles/cmTC_cb939.dir/build.make:65: recipe for target 'CMakeFiles/cmTC_cb939.dir/src.cxx.o' failed
make[1]: *** [CMakeFiles/cmTC_cb939.dir/src.cxx.o] Error 1
make[1]: Leaving directory '/home/leonor/Desktop/dune/build/CMakeFiles/CMakeTmp'
Makefile:126: recipe for target 'cmTC_cb939/fast' failed
make: *** [cmTC_cb939/fast] Error 2

Source file was:

int main(void) {
HANDLE x;
DWORD xx;

 BOOL rv = PurgeComm(x, xx);
return 0;
}

Performing C++ SOURCE FILE Test DUNE_SYS_HAS_WAIT_COMM_EVENT failed with the following output:
Change Dir: /home/leonor/Desktop/dune/build/CMakeFiles/CMakeTmp

Run Build Command:"/usr/bin/make" "cmTC_b8ce7/fast"
/usr/bin/make -f CMakeFiles/cmTC_b8ce7.dir/build.make CMakeFiles/cmTC_b8ce7.dir/build
make[1]: Entering directory '/home/leonor/Desktop/dune/build/CMakeFiles/CMakeTmp'
Building CXX object CMakeFiles/cmTC_b8ce7.dir/src.cxx.o
/usr/bin/c++    -DDUNE_SYS_HAS_WAIT_COMM_EVENT -Wall -Wshadow -pedantic   -o CMakeFiles/cmTC_b8ce7.dir/src.cxx.o -c /home/leonor/Desktop/dune/build/CMakeFiles/CMakeTmp/src.cxx
/home/leonor/Desktop/dune/build/CMakeFiles/CMakeTmp/src.cxx: In function ‘int main()’:
/home/leonor/Desktop/dune/build/CMakeFiles/CMakeTmp/src.cxx:3:1: error: ‘HANDLE’ was not declared in this scope
 HANDLE x;
 ^~~~~~
/home/leonor/Desktop/dune/build/CMakeFiles/CMakeTmp/src.cxx:4:1: error: ‘DWORD’ was not declared in this scope
 DWORD xx;
 ^~~~~
/home/leonor/Desktop/dune/build/CMakeFiles/CMakeTmp/src.cxx:5:1: error: ‘OVERLAPPED’ was not declared in this scope
 OVERLAPPED xxx;
 ^~~~~~~~~~
/home/leonor/Desktop/dune/build/CMakeFiles/CMakeTmp/src.cxx:7:2: error: ‘BOOL’ was not declared in this scope
  BOOL rv = WaitCommEvent(x, &xx, &xxx);
  ^~~~
CMakeFiles/cmTC_b8ce7.dir/build.make:65: recipe for target 'CMakeFiles/cmTC_b8ce7.dir/src.cxx.o' failed
make[1]: *** [CMakeFiles/cmTC_b8ce7.dir/src.cxx.o] Error 1
make[1]: Leaving directory '/home/leonor/Desktop/dune/build/CMakeFiles/CMakeTmp'
Makefile:126: recipe for target 'cmTC_b8ce7/fast' failed
make: *** [cmTC_b8ce7/fast] Error 2

Source file was:

int main(void) {
HANDLE x;
DWORD xx;
OVERLAPPED xxx;

 BOOL rv = WaitCommEvent(x, &xx, &xxx);
return 0;
}

Performing C++ SOURCE FILE Test DUNE_SYS_HAS_SET_COMM_BREAK failed with the following output:
Change Dir: /home/leonor/Desktop/dune/build/CMakeFiles/CMakeTmp

Run Build Command:"/usr/bin/make" "cmTC_363fe/fast"
/usr/bin/make -f CMakeFiles/cmTC_363fe.dir/build.make CMakeFiles/cmTC_363fe.dir/build
make[1]: Entering directory '/home/leonor/Desktop/dune/build/CMakeFiles/CMakeTmp'
Building CXX object CMakeFiles/cmTC_363fe.dir/src.cxx.o
/usr/bin/c++    -DDUNE_SYS_HAS_SET_COMM_BREAK -Wall -Wshadow -pedantic   -o CMakeFiles/cmTC_363fe.dir/src.cxx.o -c /home/leonor/Desktop/dune/build/CMakeFiles/CMakeTmp/src.cxx
/home/leonor/Desktop/dune/build/CMakeFiles/CMakeTmp/src.cxx: In function ‘int main()’:
/home/leonor/Desktop/dune/build/CMakeFiles/CMakeTmp/src.cxx:3:1: error: ‘HANDLE’ was not declared in this scope
 HANDLE x;
 ^~~~~~
/home/leonor/Desktop/dune/build/CMakeFiles/CMakeTmp/src.cxx:5:2: error: ‘BOOL’ was not declared in this scope
  BOOL rv = SetCommBreak(x);
  ^~~~
CMakeFiles/cmTC_363fe.dir/build.make:65: recipe for target 'CMakeFiles/cmTC_363fe.dir/src.cxx.o' failed
make[1]: *** [CMakeFiles/cmTC_363fe.dir/src.cxx.o] Error 1
make[1]: Leaving directory '/home/leonor/Desktop/dune/build/CMakeFiles/CMakeTmp'
Makefile:126: recipe for target 'cmTC_363fe/fast' failed
make: *** [cmTC_363fe/fast] Error 2

Source file was:

int main(void) {
HANDLE x;

 BOOL rv = SetCommBreak(x);
return 0;
}

Performing C++ SOURCE FILE Test DUNE_SYS_HAS_CLEAR_COMM_BREAK failed with the following output:
Change Dir: /home/leonor/Desktop/dune/build/CMakeFiles/CMakeTmp

Run Build Command:"/usr/bin/make" "cmTC_0ed85/fast"
/usr/bin/make -f CMakeFiles/cmTC_0ed85.dir/build.make CMakeFiles/cmTC_0ed85.dir/build
make[1]: Entering directory '/home/leonor/Desktop/dune/build/CMakeFiles/CMakeTmp'
Building CXX object CMakeFiles/cmTC_0ed85.dir/src.cxx.o
/usr/bin/c++    -DDUNE_SYS_HAS_CLEAR_COMM_BREAK -Wall -Wshadow -pedantic   -o CMakeFiles/cmTC_0ed85.dir/src.cxx.o -c /home/leonor/Desktop/dune/build/CMakeFiles/CMakeTmp/src.cxx
/home/leonor/Desktop/dune/build/CMakeFiles/CMakeTmp/src.cxx: In function ‘int main()’:
/home/leonor/Desktop/dune/build/CMakeFiles/CMakeTmp/src.cxx:3:1: error: ‘HANDLE’ was not declared in this scope
 HANDLE x;
 ^~~~~~
/home/leonor/Desktop/dune/build/CMakeFiles/CMakeTmp/src.cxx:5:2: error: ‘BOOL’ was not declared in this scope
  BOOL rv = ClearCommBreak(x);
  ^~~~
CMakeFiles/cmTC_0ed85.dir/build.make:65: recipe for target 'CMakeFiles/cmTC_0ed85.dir/src.cxx.o' failed
make[1]: *** [CMakeFiles/cmTC_0ed85.dir/src.cxx.o] Error 1
make[1]: Leaving directory '/home/leonor/Desktop/dune/build/CMakeFiles/CMakeTmp'
Makefile:126: recipe for target 'cmTC_0ed85/fast' failed
make: *** [cmTC_0ed85/fast] Error 2

Source file was:

int main(void) {
HANDLE x;

 BOOL rv = ClearCommBreak(x);
return 0;
}

Performing C++ SOURCE FILE Test DUNE_SYS_HAS_CLEAR_COMM_ERROR failed with the following output:
Change Dir: /home/leonor/Desktop/dune/build/CMakeFiles/CMakeTmp

Run Build Command:"/usr/bin/make" "cmTC_035d3/fast"
/usr/bin/make -f CMakeFiles/cmTC_035d3.dir/build.make CMakeFiles/cmTC_035d3.dir/build
make[1]: Entering directory '/home/leonor/Desktop/dune/build/CMakeFiles/CMakeTmp'
Building CXX object CMakeFiles/cmTC_035d3.dir/src.cxx.o
/usr/bin/c++    -DDUNE_SYS_HAS_CLEAR_COMM_ERROR -Wall -Wshadow -pedantic   -o CMakeFiles/cmTC_035d3.dir/src.cxx.o -c /home/leonor/Desktop/dune/build/CMakeFiles/CMakeTmp/src.cxx
/home/leonor/Desktop/dune/build/CMakeFiles/CMakeTmp/src.cxx: In function ‘int main()’:
/home/leonor/Desktop/dune/build/CMakeFiles/CMakeTmp/src.cxx:3:1: error: ‘HANDLE’ was not declared in this scope
 HANDLE x;
 ^~~~~~
/home/leonor/Desktop/dune/build/CMakeFiles/CMakeTmp/src.cxx:4:1: error: ‘DWORD’ was not declared in this scope
 DWORD xx;
 ^~~~~
/home/leonor/Desktop/dune/build/CMakeFiles/CMakeTmp/src.cxx:5:1: error: ‘COMSTAT’ was not declared in this scope
 COMSTAT xxx;
 ^~~~~~~
/home/leonor/Desktop/dune/build/CMakeFiles/CMakeTmp/src.cxx:7:2: error: ‘BOOL’ was not declared in this scope
  BOOL rv = ClearCommError(x, &xx, &xxx);
  ^~~~
CMakeFiles/cmTC_035d3.dir/build.make:65: recipe for target 'CMakeFiles/cmTC_035d3.dir/src.cxx.o' failed
make[1]: *** [CMakeFiles/cmTC_035d3.dir/src.cxx.o] Error 1
make[1]: Leaving directory '/home/leonor/Desktop/dune/build/CMakeFiles/CMakeTmp'
Makefile:126: recipe for target 'cmTC_035d3/fast' failed
make: *** [cmTC_035d3/fast] Error 2

Source file was:

int main(void) {
HANDLE x;
DWORD xx;
COMSTAT xxx;

 BOOL rv = ClearCommError(x, &xx, &xxx);
return 0;
}

Performing C++ SOURCE FILE Test DUNE_SYS_HAS_WAIT_FOR_SINGLE_OBJECT failed with the following output:
Change Dir: /home/leonor/Desktop/dune/build/CMakeFiles/CMakeTmp

Run Build Command:"/usr/bin/make" "cmTC_93db8/fast"
/usr/bin/make -f CMakeFiles/cmTC_93db8.dir/build.make CMakeFiles/cmTC_93db8.dir/build
make[1]: Entering directory '/home/leonor/Desktop/dune/build/CMakeFiles/CMakeTmp'
Building CXX object CMakeFiles/cmTC_93db8.dir/src.cxx.o
/usr/bin/c++    -DDUNE_SYS_HAS_WAIT_FOR_SINGLE_OBJECT -Wall -Wshadow -pedantic   -o CMakeFiles/cmTC_93db8.dir/src.cxx.o -c /home/leonor/Desktop/dune/build/CMakeFiles/CMakeTmp/src.cxx
/home/leonor/Desktop/dune/build/CMakeFiles/CMakeTmp/src.cxx: In function ‘int main()’:
/home/leonor/Desktop/dune/build/CMakeFiles/CMakeTmp/src.cxx:3:1: error: ‘HANDLE’ was not declared in this scope
 HANDLE x;
 ^~~~~~
/home/leonor/Desktop/dune/build/CMakeFiles/CMakeTmp/src.cxx:4:1: error: ‘DWORD’ was not declared in this scope
 DWORD xx;
 ^~~~~
/home/leonor/Desktop/dune/build/CMakeFiles/CMakeTmp/src.cxx:6:8: error: expected ‘;’ before ‘rv’
  DWORD rv = WaitForSingleObject(x, xx);
        ^~
CMakeFiles/cmTC_93db8.dir/build.make:65: recipe for target 'CMakeFiles/cmTC_93db8.dir/src.cxx.o' failed
make[1]: *** [CMakeFiles/cmTC_93db8.dir/src.cxx.o] Error 1
make[1]: Leaving directory '/home/leonor/Desktop/dune/build/CMakeFiles/CMakeTmp'
Makefile:126: recipe for target 'cmTC_93db8/fast' failed
make: *** [cmTC_93db8/fast] Error 2

Source file was:

int main(void) {
HANDLE x;
DWORD xx;

 DWORD rv = WaitForSingleObject(x, xx);
return 0;
}

Performing C++ SOURCE FILE Test DUNE_SYS_HAS_CREATE_EVENT failed with the following output:
Change Dir: /home/leonor/Desktop/dune/build/CMakeFiles/CMakeTmp

Run Build Command:"/usr/bin/make" "cmTC_41758/fast"
/usr/bin/make -f CMakeFiles/cmTC_41758.dir/build.make CMakeFiles/cmTC_41758.dir/build
make[1]: Entering directory '/home/leonor/Desktop/dune/build/CMakeFiles/CMakeTmp'
Building CXX object CMakeFiles/cmTC_41758.dir/src.cxx.o
/usr/bin/c++    -DDUNE_SYS_HAS_CREATE_EVENT -Wall -Wshadow -pedantic   -o CMakeFiles/cmTC_41758.dir/src.cxx.o -c /home/leonor/Desktop/dune/build/CMakeFiles/CMakeTmp/src.cxx
/home/leonor/Desktop/dune/build/CMakeFiles/CMakeTmp/src.cxx: In function ‘int main()’:
/home/leonor/Desktop/dune/build/CMakeFiles/CMakeTmp/src.cxx:3:1: error: ‘SECURITY_ATTRIBUTES’ was not declared in this scope
 SECURITY_ATTRIBUTES x;
 ^~~~~~~~~~~~~~~~~~~
/home/leonor/Desktop/dune/build/CMakeFiles/CMakeTmp/src.cxx:4:1: error: ‘BOOL’ was not declared in this scope
 BOOL xx;
 ^~~~
/home/leonor/Desktop/dune/build/CMakeFiles/CMakeTmp/src.cxx:5:6: error: expected ‘;’ before ‘xxx’
 BOOL xxx;
      ^~~
/home/leonor/Desktop/dune/build/CMakeFiles/CMakeTmp/src.cxx:6:1: error: ‘LPCSTR’ was not declared in this scope
 LPCSTR xxxx;
 ^~~~~~
/home/leonor/Desktop/dune/build/CMakeFiles/CMakeTmp/src.cxx:8:2: error: ‘HANDLE’ was not declared in this scope
  HANDLE rv = CreateEvent(&x, xx, xxx, xxxx);
  ^~~~~~
CMakeFiles/cmTC_41758.dir/build.make:65: recipe for target 'CMakeFiles/cmTC_41758.dir/src.cxx.o' failed
make[1]: *** [CMakeFiles/cmTC_41758.dir/src.cxx.o] Error 1
make[1]: Leaving directory '/home/leonor/Desktop/dune/build/CMakeFiles/CMakeTmp'
Makefile:126: recipe for target 'cmTC_41758/fast' failed
make: *** [cmTC_41758/fast] Error 2

Source file was:

int main(void) {
SECURITY_ATTRIBUTES x;
BOOL xx;
BOOL xxx;
LPCSTR xxxx;

 HANDLE rv = CreateEvent(&x, xx, xxx, xxxx);
return 0;
}

Performing C++ SOURCE FILE Test DUNE_SYS_HAS__ISNAN failed with the following output:
Change Dir: /home/leonor/Desktop/dune/build/CMakeFiles/CMakeTmp

Run Build Command:"/usr/bin/make" "cmTC_548c7/fast"
/usr/bin/make -f CMakeFiles/cmTC_548c7.dir/build.make CMakeFiles/cmTC_548c7.dir/build
make[1]: Entering directory '/home/leonor/Desktop/dune/build/CMakeFiles/CMakeTmp'
Building CXX object CMakeFiles/cmTC_548c7.dir/src.cxx.o
/usr/bin/c++    -DDUNE_SYS_HAS__ISNAN -Wall -Wshadow -pedantic   -o CMakeFiles/cmTC_548c7.dir/src.cxx.o -c /home/leonor/Desktop/dune/build/CMakeFiles/CMakeTmp/src.cxx
/home/leonor/Desktop/dune/build/CMakeFiles/CMakeTmp/src.cxx: In function ‘int main()’:
/home/leonor/Desktop/dune/build/CMakeFiles/CMakeTmp/src.cxx:6:11: error: ‘_isnan’ was not declared in this scope
  int rv = _isnan(x);
           ^~~~~~
/home/leonor/Desktop/dune/build/CMakeFiles/CMakeTmp/src.cxx:6:6: warning: unused variable ‘rv’ [-Wunused-variable]
  int rv = _isnan(x);
      ^~
CMakeFiles/cmTC_548c7.dir/build.make:65: recipe for target 'CMakeFiles/cmTC_548c7.dir/src.cxx.o' failed
make[1]: *** [CMakeFiles/cmTC_548c7.dir/src.cxx.o] Error 1
make[1]: Leaving directory '/home/leonor/Desktop/dune/build/CMakeFiles/CMakeTmp'
Makefile:126: recipe for target 'cmTC_548c7/fast' failed
make: *** [cmTC_548c7/fast] Error 2

Source file was:
#include <float.h>

int main(void) {
double x;

 int rv = _isnan(x);
return 0;
}

Performing C++ SOURCE FILE Test DUNE_SYS_HAS_CRITICAL_SECTION failed with the following output:
Change Dir: /home/leonor/Desktop/dune/build/CMakeFiles/CMakeTmp

Run Build Command:"/usr/bin/make" "cmTC_cb4cb/fast"
/usr/bin/make -f CMakeFiles/cmTC_cb4cb.dir/build.make CMakeFiles/cmTC_cb4cb.dir/build
make[1]: Entering directory '/home/leonor/Desktop/dune/build/CMakeFiles/CMakeTmp'
Building CXX object CMakeFiles/cmTC_cb4cb.dir/src.cxx.o
/usr/bin/c++    -DDUNE_SYS_HAS_CRITICAL_SECTION -Wall -Wshadow -pedantic   -o CMakeFiles/cmTC_cb4cb.dir/src.cxx.o -c /home/leonor/Desktop/dune/build/CMakeFiles/CMakeTmp/src.cxx
/home/leonor/Desktop/dune/build/CMakeFiles/CMakeTmp/src.cxx: In function ‘int main()’:
/home/leonor/Desktop/dune/build/CMakeFiles/CMakeTmp/src.cxx:2:18: error: ‘CRITICAL_SECTION’ was not declared in this scope
 int main(void) { CRITICAL_SECTION x; return 0;}
                  ^~~~~~~~~~~~~~~~
CMakeFiles/cmTC_cb4cb.dir/build.make:65: recipe for target 'CMakeFiles/cmTC_cb4cb.dir/src.cxx.o' failed
make[1]: *** [CMakeFiles/cmTC_cb4cb.dir/src.cxx.o] Error 1
make[1]: Leaving directory '/home/leonor/Desktop/dune/build/CMakeFiles/CMakeTmp'
Makefile:126: recipe for target 'cmTC_cb4cb/fast' failed
make: *** [cmTC_cb4cb/fast] Error 2

Source file was:

int main(void) { CRITICAL_SECTION x; return 0;}

Determining if the function BVTSonar_Create exists in the bvtsdk failed with the following output:
Change Dir: /home/leonor/Desktop/dune/build/CMakeFiles/CMakeTmp

Run Build Command:"/usr/bin/make" "cmTC_e0e7d/fast"
/usr/bin/make -f CMakeFiles/cmTC_e0e7d.dir/build.make CMakeFiles/cmTC_e0e7d.dir/build
make[1]: Entering directory '/home/leonor/Desktop/dune/build/CMakeFiles/CMakeTmp'
Building C object CMakeFiles/cmTC_e0e7d.dir/CheckFunctionExists.c.o
/usr/bin/cc   -DCHECK_FUNCTION_EXISTS=BVTSonar_Create -Wall -Wshadow -pedantic   -o CMakeFiles/cmTC_e0e7d.dir/CheckFunctionExists.c.o   -c /usr/share/cmake-3.10/Modules/CheckFunctionExists.c
Linking C executable cmTC_e0e7d
/usr/bin/cmake -E cmake_link_script CMakeFiles/cmTC_e0e7d.dir/link.txt --verbose=1
/usr/bin/cc  -DCHECK_FUNCTION_EXISTS=BVTSonar_Create -Wall -Wshadow -pedantic    -rdynamic CMakeFiles/cmTC_e0e7d.dir/CheckFunctionExists.c.o  -o cmTC_e0e7d -lbvtsdk -lrt -lpthread -lm -lnsl -ldl 
/usr/bin/ld: cannot find -lbvtsdk
collect2: error: ld returned 1 exit status
CMakeFiles/cmTC_e0e7d.dir/build.make:97: recipe for target 'cmTC_e0e7d' failed
make[1]: *** [cmTC_e0e7d] Error 1
make[1]: Leaving directory '/home/leonor/Desktop/dune/build/CMakeFiles/CMakeTmp'
Makefile:126: recipe for target 'cmTC_e0e7d/fast' failed
make: *** [cmTC_e0e7d/fast] Error 2


Determining if the include file bvt_sdk.h exists failed with the following output:
Change Dir: /home/leonor/Desktop/dune/build/CMakeFiles/CMakeTmp

Run Build Command:"/usr/bin/make" "cmTC_68bd1/fast"
/usr/bin/make -f CMakeFiles/cmTC_68bd1.dir/build.make CMakeFiles/cmTC_68bd1.dir/build
make[1]: Entering directory '/home/leonor/Desktop/dune/build/CMakeFiles/CMakeTmp'
Building CXX object CMakeFiles/cmTC_68bd1.dir/CheckIncludeFile.cxx.o
/usr/bin/c++    -Wall -Wshadow -pedantic   -o CMakeFiles/cmTC_68bd1.dir/CheckIncludeFile.cxx.o -c /home/leonor/Desktop/dune/build/CMakeFiles/CMakeTmp/CheckIncludeFile.cxx
/home/leonor/Desktop/dune/build/CMakeFiles/CMakeTmp/CheckIncludeFile.cxx:1:10: fatal error: bvt_sdk.h: No such file or directory
 #include <bvt_sdk.h>
          ^~~~~~~~~~~
compilation terminated.
CMakeFiles/cmTC_68bd1.dir/build.make:65: recipe for target 'CMakeFiles/cmTC_68bd1.dir/CheckIncludeFile.cxx.o' failed
make[1]: *** [CMakeFiles/cmTC_68bd1.dir/CheckIncludeFile.cxx.o] Error 1
make[1]: Leaving directory '/home/leonor/Desktop/dune/build/CMakeFiles/CMakeTmp'
Makefile:126: recipe for target 'cmTC_68bd1/fast' failed
make: *** [cmTC_68bd1/fast] Error 2


Determining if the function libusb_init exists in the usb-1.0 failed with the following output:
Change Dir: /home/leonor/Desktop/dune/build/CMakeFiles/CMakeTmp

Run Build Command:"/usr/bin/make" "cmTC_09888/fast"
/usr/bin/make -f CMakeFiles/cmTC_09888.dir/build.make CMakeFiles/cmTC_09888.dir/build
make[1]: Entering directory '/home/leonor/Desktop/dune/build/CMakeFiles/CMakeTmp'
Building C object CMakeFiles/cmTC_09888.dir/CheckFunctionExists.c.o
/usr/bin/cc   -DCHECK_FUNCTION_EXISTS=libusb_init -Wall -Wshadow -pedantic   -o CMakeFiles/cmTC_09888.dir/CheckFunctionExists.c.o   -c /usr/share/cmake-3.10/Modules/CheckFunctionExists.c
Linking C executable cmTC_09888
/usr/bin/cmake -E cmake_link_script CMakeFiles/cmTC_09888.dir/link.txt --verbose=1
/usr/bin/cc  -DCHECK_FUNCTION_EXISTS=libusb_init -Wall -Wshadow -pedantic    -rdynamic CMakeFiles/cmTC_09888.dir/CheckFunctionExists.c.o  -o cmTC_09888 -lusb-1.0 -lrt -lpthread -lm -lnsl -ldl 
/usr/bin/ld: cannot find -lusb-1.0
collect2: error: ld returned 1 exit status
CMakeFiles/cmTC_09888.dir/build.make:97: recipe for target 'cmTC_09888' failed
make[1]: *** [cmTC_09888] Error 1
make[1]: Leaving directory '/home/leonor/Desktop/dune/build/CMakeFiles/CMakeTmp'
Makefile:126: recipe for target 'cmTC_09888/fast' failed
make: *** [cmTC_09888/fast] Error 2


Determining if the function FT_Open exists in the ftd2xx failed with the following output:
Change Dir: /home/leonor/Desktop/dune/build/CMakeFiles/CMakeTmp

Run Build Command:"/usr/bin/make" "cmTC_b4807/fast"
/usr/bin/make -f CMakeFiles/cmTC_b4807.dir/build.make CMakeFiles/cmTC_b4807.dir/build
make[1]: Entering directory '/home/leonor/Desktop/dune/build/CMakeFiles/CMakeTmp'
Building C object CMakeFiles/cmTC_b4807.dir/CheckFunctionExists.c.o
/usr/bin/cc   -DCHECK_FUNCTION_EXISTS=FT_Open -Wall -Wshadow -pedantic   -o CMakeFiles/cmTC_b4807.dir/CheckFunctionExists.c.o   -c /usr/share/cmake-3.10/Modules/CheckFunctionExists.c
Linking C executable cmTC_b4807
/usr/bin/cmake -E cmake_link_script CMakeFiles/cmTC_b4807.dir/link.txt --verbose=1
/usr/bin/cc  -DCHECK_FUNCTION_EXISTS=FT_Open -Wall -Wshadow -pedantic    -rdynamic CMakeFiles/cmTC_b4807.dir/CheckFunctionExists.c.o  -o cmTC_b4807 -lftd2xx -lrt -lpthread -lm -lnsl -ldl 
/usr/bin/ld: cannot find -lftd2xx
collect2: error: ld returned 1 exit status
CMakeFiles/cmTC_b4807.dir/build.make:97: recipe for target 'cmTC_b4807' failed
make[1]: *** [cmTC_b4807] Error 1
make[1]: Leaving directory '/home/leonor/Desktop/dune/build/CMakeFiles/CMakeTmp'
Makefile:126: recipe for target 'cmTC_b4807/fast' failed
make: *** [cmTC_b4807/fast] Error 2


Determining if the include file ftd2xx.h exists failed with the following output:
Change Dir: /home/leonor/Desktop/dune/build/CMakeFiles/CMakeTmp

Run Build Command:"/usr/bin/make" "cmTC_9f85e/fast"
/usr/bin/make -f CMakeFiles/cmTC_9f85e.dir/build.make CMakeFiles/cmTC_9f85e.dir/build
make[1]: Entering directory '/home/leonor/Desktop/dune/build/CMakeFiles/CMakeTmp'
Building CXX object CMakeFiles/cmTC_9f85e.dir/CheckIncludeFile.cxx.o
/usr/bin/c++    -Wall -Wshadow -pedantic   -o CMakeFiles/cmTC_9f85e.dir/CheckIncludeFile.cxx.o -c /home/leonor/Desktop/dune/build/CMakeFiles/CMakeTmp/CheckIncludeFile.cxx
/home/leonor/Desktop/dune/build/CMakeFiles/CMakeTmp/CheckIncludeFile.cxx:1:10: fatal error: ftd2xx.h: No such file or directory
 #include <ftd2xx.h>
          ^~~~~~~~~~
compilation terminated.
CMakeFiles/cmTC_9f85e.dir/build.make:65: recipe for target 'CMakeFiles/cmTC_9f85e.dir/CheckIncludeFile.cxx.o' failed
make[1]: *** [CMakeFiles/cmTC_9f85e.dir/CheckIncludeFile.cxx.o] Error 1
make[1]: Leaving directory '/home/leonor/Desktop/dune/build/CMakeFiles/CMakeTmp'
Makefile:126: recipe for target 'cmTC_9f85e/fast' failed
make: *** [cmTC_9f85e/fast] Error 2


Determining if the function jpeg_set_defaults exists in the jpeg failed with the following output:
Change Dir: /home/leonor/Desktop/dune/build/CMakeFiles/CMakeTmp

Run Build Command:"/usr/bin/make" "cmTC_5fa84/fast"
/usr/bin/make -f CMakeFiles/cmTC_5fa84.dir/build.make CMakeFiles/cmTC_5fa84.dir/build
make[1]: Entering directory '/home/leonor/Desktop/dune/build/CMakeFiles/CMakeTmp'
Building C object CMakeFiles/cmTC_5fa84.dir/CheckFunctionExists.c.o
/usr/bin/cc   -DCHECK_FUNCTION_EXISTS=jpeg_set_defaults -Wall -Wshadow -pedantic   -o CMakeFiles/cmTC_5fa84.dir/CheckFunctionExists.c.o   -c /usr/share/cmake-3.10/Modules/CheckFunctionExists.c
Linking C executable cmTC_5fa84
/usr/bin/cmake -E cmake_link_script CMakeFiles/cmTC_5fa84.dir/link.txt --verbose=1
/usr/bin/cc  -DCHECK_FUNCTION_EXISTS=jpeg_set_defaults -Wall -Wshadow -pedantic    -rdynamic CMakeFiles/cmTC_5fa84.dir/CheckFunctionExists.c.o  -o cmTC_5fa84 -ljpeg -lrt -lpthread -lm -lnsl -ldl 
/usr/bin/ld: cannot find -ljpeg
collect2: error: ld returned 1 exit status
CMakeFiles/cmTC_5fa84.dir/build.make:97: recipe for target 'cmTC_5fa84' failed
make[1]: *** [cmTC_5fa84] Error 1
make[1]: Leaving directory '/home/leonor/Desktop/dune/build/CMakeFiles/CMakeTmp'
Makefile:126: recipe for target 'cmTC_5fa84/fast' failed
make: *** [cmTC_5fa84/fast] Error 2


Performing C++ SOURCE FILE Test DUNE_SYS_HAS_JPEGLIB_H failed with the following output:
Change Dir: /home/leonor/Desktop/dune/build/CMakeFiles/CMakeTmp

Run Build Command:"/usr/bin/make" "cmTC_1d5b5/fast"
/usr/bin/make -f CMakeFiles/cmTC_1d5b5.dir/build.make CMakeFiles/cmTC_1d5b5.dir/build
make[1]: Entering directory '/home/leonor/Desktop/dune/build/CMakeFiles/CMakeTmp'
Building CXX object CMakeFiles/cmTC_1d5b5.dir/src.cxx.o
/usr/bin/c++    -DDUNE_SYS_HAS_JPEGLIB_H -Wall -Wshadow -pedantic   -o CMakeFiles/cmTC_1d5b5.dir/src.cxx.o -c /home/leonor/Desktop/dune/build/CMakeFiles/CMakeTmp/src.cxx
/home/leonor/Desktop/dune/build/CMakeFiles/CMakeTmp/src.cxx:4:10: fatal error: jpeglib.h: No such file or directory
 #include <jpeglib.h>
          ^~~~~~~~~~~
compilation terminated.
CMakeFiles/cmTC_1d5b5.dir/build.make:65: recipe for target 'CMakeFiles/cmTC_1d5b5.dir/src.cxx.o' failed
make[1]: *** [CMakeFiles/cmTC_1d5b5.dir/src.cxx.o] Error 1
make[1]: Leaving directory '/home/leonor/Desktop/dune/build/CMakeFiles/CMakeTmp'
Makefile:126: recipe for target 'cmTC_1d5b5/fast' failed
make: *** [cmTC_1d5b5/fast] Error 2

Source file was:
#include <sys/types.h>
#include <stdio.h>

#include <jpeglib.h>
int main(void){ return 0; }

Performing C++ SOURCE FILE Test HAVE_LIB_JPEG_80 failed with the following output:
Change Dir: /home/leonor/Desktop/dune/build/CMakeFiles/CMakeTmp

Run Build Command:"/usr/bin/make" "cmTC_2e71d/fast"
/usr/bin/make -f CMakeFiles/cmTC_2e71d.dir/build.make CMakeFiles/cmTC_2e71d.dir/build
make[1]: Entering directory '/home/leonor/Desktop/dune/build/CMakeFiles/CMakeTmp'
Building CXX object CMakeFiles/cmTC_2e71d.dir/src.cxx.o
/usr/bin/c++    -DHAVE_LIB_JPEG_80 -Wall -Wshadow -pedantic   -o CMakeFiles/cmTC_2e71d.dir/src.cxx.o -c /home/leonor/Desktop/dune/build/CMakeFiles/CMakeTmp/src.cxx
/home/leonor/Desktop/dune/build/CMakeFiles/CMakeTmp/src.cxx:3:10: fatal error: jpeglib.h: No such file or directory
 #include <jpeglib.h>
          ^~~~~~~~~~~
compilation terminated.
CMakeFiles/cmTC_2e71d.dir/build.make:65: recipe for target 'CMakeFiles/cmTC_2e71d.dir/src.cxx.o' failed
make[1]: *** [CMakeFiles/cmTC_2e71d.dir/src.cxx.o] Error 1
make[1]: Leaving directory '/home/leonor/Desktop/dune/build/CMakeFiles/CMakeTmp'
Makefile:126: recipe for target 'cmTC_2e71d/fast' failed
make: *** [cmTC_2e71d/fast] Error 2

Source file was:

#include <stdio.h>
#include <jpeglib.h>
#if JPEG_LIB_VERSION < 80
#  error JPEG too old
#endif
int main(void) {return 0;}
Determining if the function hid_close exists in the hidapi-libusb failed with the following output:
Change Dir: /home/leonor/Desktop/dune/build/CMakeFiles/CMakeTmp

Run Build Command:"/usr/bin/make" "cmTC_87f03/fast"
/usr/bin/make -f CMakeFiles/cmTC_87f03.dir/build.make CMakeFiles/cmTC_87f03.dir/build
make[1]: Entering directory '/home/leonor/Desktop/dune/build/CMakeFiles/CMakeTmp'
Building C object CMakeFiles/cmTC_87f03.dir/CheckFunctionExists.c.o
/usr/bin/cc   -DCHECK_FUNCTION_EXISTS=hid_close -Wall -Wshadow -pedantic   -o CMakeFiles/cmTC_87f03.dir/CheckFunctionExists.c.o   -c /usr/share/cmake-3.10/Modules/CheckFunctionExists.c
Linking C executable cmTC_87f03
/usr/bin/cmake -E cmake_link_script CMakeFiles/cmTC_87f03.dir/link.txt --verbose=1
/usr/bin/cc  -DCHECK_FUNCTION_EXISTS=hid_close -Wall -Wshadow -pedantic    -rdynamic CMakeFiles/cmTC_87f03.dir/CheckFunctionExists.c.o  -o cmTC_87f03 -lhidapi-libusb -lrt -lpthread -lm -lnsl -ldl 
/usr/bin/ld: cannot find -lhidapi-libusb
collect2: error: ld returned 1 exit status
CMakeFiles/cmTC_87f03.dir/build.make:97: recipe for target 'cmTC_87f03' failed
make[1]: *** [cmTC_87f03] Error 1
make[1]: Leaving directory '/home/leonor/Desktop/dune/build/CMakeFiles/CMakeTmp'
Makefile:126: recipe for target 'cmTC_87f03/fast' failed
make: *** [cmTC_87f03/fast] Error 2


Determining if the function usb_device_find_USB_MCC exists in the mccusb failed with the following output:
Change Dir: /home/leonor/Desktop/dune/build/CMakeFiles/CMakeTmp

Run Build Command:"/usr/bin/make" "cmTC_23ed0/fast"
/usr/bin/make -f CMakeFiles/cmTC_23ed0.dir/build.make CMakeFiles/cmTC_23ed0.dir/build
make[1]: Entering directory '/home/leonor/Desktop/dune/build/CMakeFiles/CMakeTmp'
Building C object CMakeFiles/cmTC_23ed0.dir/CheckFunctionExists.c.o
/usr/bin/cc   -DCHECK_FUNCTION_EXISTS=usb_device_find_USB_MCC -Wall -Wshadow -pedantic   -o CMakeFiles/cmTC_23ed0.dir/CheckFunctionExists.c.o   -c /usr/share/cmake-3.10/Modules/CheckFunctionExists.c
Linking C executable cmTC_23ed0
/usr/bin/cmake -E cmake_link_script CMakeFiles/cmTC_23ed0.dir/link.txt --verbose=1
/usr/bin/cc  -DCHECK_FUNCTION_EXISTS=usb_device_find_USB_MCC -Wall -Wshadow -pedantic    -rdynamic CMakeFiles/cmTC_23ed0.dir/CheckFunctionExists.c.o  -o cmTC_23ed0 -lmccusb -lrt -lpthread -lm -lnsl -ldl 
/usr/bin/ld: cannot find -lmccusb
collect2: error: ld returned 1 exit status
CMakeFiles/cmTC_23ed0.dir/build.make:97: recipe for target 'cmTC_23ed0' failed
make[1]: *** [cmTC_23ed0] Error 1
make[1]: Leaving directory '/home/leonor/Desktop/dune/build/CMakeFiles/CMakeTmp'
Makefile:126: recipe for target 'cmTC_23ed0/fast' failed
make: *** [cmTC_23ed0/fast] Error 2


Determining if the include file mccusb/pmd.h exists failed with the following output:
Change Dir: /home/leonor/Desktop/dune/build/CMakeFiles/CMakeTmp

Run Build Command:"/usr/bin/make" "cmTC_b7534/fast"
/usr/bin/make -f CMakeFiles/cmTC_b7534.dir/build.make CMakeFiles/cmTC_b7534.dir/build
make[1]: Entering directory '/home/leonor/Desktop/dune/build/CMakeFiles/CMakeTmp'
Building CXX object CMakeFiles/cmTC_b7534.dir/CheckIncludeFile.cxx.o
/usr/bin/c++    -Wall -Wshadow -pedantic   -o CMakeFiles/cmTC_b7534.dir/CheckIncludeFile.cxx.o -c /home/leonor/Desktop/dune/build/CMakeFiles/CMakeTmp/CheckIncludeFile.cxx
/home/leonor/Desktop/dune/build/CMakeFiles/CMakeTmp/CheckIncludeFile.cxx:1:10: fatal error: mccusb/pmd.h: No such file or directory
 #include <mccusb/pmd.h>
          ^~~~~~~~~~~~~~
compilation terminated.
CMakeFiles/cmTC_b7534.dir/build.make:65: recipe for target 'CMakeFiles/cmTC_b7534.dir/CheckIncludeFile.cxx.o' failed
make[1]: *** [CMakeFiles/cmTC_b7534.dir/CheckIncludeFile.cxx.o] Error 1
make[1]: Leaving directory '/home/leonor/Desktop/dune/build/CMakeFiles/CMakeTmp'
Makefile:126: recipe for target 'cmTC_b7534/fast' failed
make: *** [cmTC_b7534/fast] Error 2


Determining if the function CPhidgetBridge_setEnabled exists in the phidget21 failed with the following output:
Change Dir: /home/leonor/Desktop/dune/build/CMakeFiles/CMakeTmp

Run Build Command:"/usr/bin/make" "cmTC_18093/fast"
/usr/bin/make -f CMakeFiles/cmTC_18093.dir/build.make CMakeFiles/cmTC_18093.dir/build
make[1]: Entering directory '/home/leonor/Desktop/dune/build/CMakeFiles/CMakeTmp'
Building C object CMakeFiles/cmTC_18093.dir/CheckFunctionExists.c.o
/usr/bin/cc   -DCHECK_FUNCTION_EXISTS=CPhidgetBridge_setEnabled -Wall -Wshadow -pedantic   -o CMakeFiles/cmTC_18093.dir/CheckFunctionExists.c.o   -c /usr/share/cmake-3.10/Modules/CheckFunctionExists.c
Linking C executable cmTC_18093
/usr/bin/cmake -E cmake_link_script CMakeFiles/cmTC_18093.dir/link.txt --verbose=1
/usr/bin/cc  -DCHECK_FUNCTION_EXISTS=CPhidgetBridge_setEnabled -Wall -Wshadow -pedantic    -rdynamic CMakeFiles/cmTC_18093.dir/CheckFunctionExists.c.o  -o cmTC_18093 -lphidget21 -lrt -lpthread -lm -lnsl -ldl 
/usr/bin/ld: cannot find -lphidget21
collect2: error: ld returned 1 exit status
CMakeFiles/cmTC_18093.dir/build.make:97: recipe for target 'cmTC_18093' failed
make[1]: *** [cmTC_18093] Error 1
make[1]: Leaving directory '/home/leonor/Desktop/dune/build/CMakeFiles/CMakeTmp'
Makefile:126: recipe for target 'cmTC_18093/fast' failed
make: *** [cmTC_18093/fast] Error 2


Determining if the include file phidget21.h exists failed with the following output:
Change Dir: /home/leonor/Desktop/dune/build/CMakeFiles/CMakeTmp

Run Build Command:"/usr/bin/make" "cmTC_29adb/fast"
/usr/bin/make -f CMakeFiles/cmTC_29adb.dir/build.make CMakeFiles/cmTC_29adb.dir/build
make[1]: Entering directory '/home/leonor/Desktop/dune/build/CMakeFiles/CMakeTmp'
Building CXX object CMakeFiles/cmTC_29adb.dir/CheckIncludeFile.cxx.o
/usr/bin/c++    -Wall -Wshadow -pedantic   -o CMakeFiles/cmTC_29adb.dir/CheckIncludeFile.cxx.o -c /home/leonor/Desktop/dune/build/CMakeFiles/CMakeTmp/CheckIncludeFile.cxx
/home/leonor/Desktop/dune/build/CMakeFiles/CMakeTmp/CheckIncludeFile.cxx:1:10: fatal error: phidget21.h: No such file or directory
 #include <phidget21.h>
          ^~~~~~~~~~~~~
compilation terminated.
CMakeFiles/cmTC_29adb.dir/build.make:65: recipe for target 'CMakeFiles/cmTC_29adb.dir/CheckIncludeFile.cxx.o' failed
make[1]: *** [CMakeFiles/cmTC_29adb.dir/CheckIncludeFile.cxx.o] Error 1
make[1]: Leaving directory '/home/leonor/Desktop/dune/build/CMakeFiles/CMakeTmp'
Makefile:126: recipe for target 'cmTC_29adb/fast' failed
make: *** [cmTC_29adb/fast] Error 2


Determining if the function sbp_state_init exists in the swiftnav-static failed with the following output:
Change Dir: /home/leonor/Desktop/dune/build/CMakeFiles/CMakeTmp

Run Build Command:"/usr/bin/make" "cmTC_e7ba6/fast"
/usr/bin/make -f CMakeFiles/cmTC_e7ba6.dir/build.make CMakeFiles/cmTC_e7ba6.dir/build
make[1]: Entering directory '/home/leonor/Desktop/dune/build/CMakeFiles/CMakeTmp'
Building C object CMakeFiles/cmTC_e7ba6.dir/CheckFunctionExists.c.o
/usr/bin/cc   -DCHECK_FUNCTION_EXISTS=sbp_state_init -Wall -Wshadow -pedantic   -o CMakeFiles/cmTC_e7ba6.dir/CheckFunctionExists.c.o   -c /usr/share/cmake-3.10/Modules/CheckFunctionExists.c
Linking C executable cmTC_e7ba6
/usr/bin/cmake -E cmake_link_script CMakeFiles/cmTC_e7ba6.dir/link.txt --verbose=1
/usr/bin/cc  -DCHECK_FUNCTION_EXISTS=sbp_state_init -Wall -Wshadow -pedantic    -rdynamic CMakeFiles/cmTC_e7ba6.dir/CheckFunctionExists.c.o  -o cmTC_e7ba6 -lswiftnav-static -lrt -lpthread -lm -lnsl -ldl 
/usr/bin/ld: cannot find -lswiftnav-static
collect2: error: ld returned 1 exit status
CMakeFiles/cmTC_e7ba6.dir/build.make:97: recipe for target 'cmTC_e7ba6' failed
make[1]: *** [cmTC_e7ba6] Error 1
make[1]: Leaving directory '/home/leonor/Desktop/dune/build/CMakeFiles/CMakeTmp'
Makefile:126: recipe for target 'cmTC_e7ba6/fast' failed
make: *** [cmTC_e7ba6/fast] Error 2


Determining if the include file libswiftnav/sbp.h exists failed with the following output:
Change Dir: /home/leonor/Desktop/dune/build/CMakeFiles/CMakeTmp

Run Build Command:"/usr/bin/make" "cmTC_da3ee/fast"
/usr/bin/make -f CMakeFiles/cmTC_da3ee.dir/build.make CMakeFiles/cmTC_da3ee.dir/build
make[1]: Entering directory '/home/leonor/Desktop/dune/build/CMakeFiles/CMakeTmp'
Building CXX object CMakeFiles/cmTC_da3ee.dir/CheckIncludeFile.cxx.o
/usr/bin/c++    -Wall -Wshadow -pedantic   -o CMakeFiles/cmTC_da3ee.dir/CheckIncludeFile.cxx.o -c /home/leonor/Desktop/dune/build/CMakeFiles/CMakeTmp/CheckIncludeFile.cxx
/home/leonor/Desktop/dune/build/CMakeFiles/CMakeTmp/CheckIncludeFile.cxx:1:10: fatal error: libswiftnav/sbp.h: No such file or directory
 #include <libswiftnav/sbp.h>
          ^~~~~~~~~~~~~~~~~~~
compilation terminated.
CMakeFiles/cmTC_da3ee.dir/build.make:65: recipe for target 'CMakeFiles/cmTC_da3ee.dir/CheckIncludeFile.cxx.o' failed
make[1]: *** [CMakeFiles/cmTC_da3ee.dir/CheckIncludeFile.cxx.o] Error 1
make[1]: Leaving directory '/home/leonor/Desktop/dune/build/CMakeFiles/CMakeTmp'
Makefile:126: recipe for target 'cmTC_da3ee/fast' failed
make: *** [cmTC_da3ee/fast] Error 2


